<?xml version="1.0" encoding="UTF-8"?>
<!-- Generated by org.testng.reporters.JUnitReportReporter -->
<testsuite skipped="46" hostname="wlpt761" name="AndroidAppiumAuto.AppActivity" tests="48" failures="0" timestamp="19 Jan 2021 06:57:02 GMT" time="146.582" errors="1">
  <testcase name="crashdetails" time="0.001" classname="AndroidAppiumAuto.AppActivity">
    <error type="org.testng.TestNGException" message="
Can inject only one of &lt;ITestContext, XmlTest&gt; into a @AfterTest annotated crashdetails.
For more information on native dependency injection please refer to http://testng.org/doc/documentation-main.html#native-dependency-injection">
      <![CDATA[org.testng.TestNGException: 
Can inject only one of <ITestContext, XmlTest> into a @AfterTest annotated crashdetails.
For more information on native dependency injection please refer to http://testng.org/doc/documentation-main.html#native-dependency-injection
at org.testng.internal.Parameters.checkParameterTypes(Parameters.java:407)
at org.testng.internal.Parameters.createParametersForMethod(Parameters.java:356)
at org.testng.internal.Parameters.createParameters(Parameters.java:635)
at org.testng.internal.Parameters.createConfigurationParameters(Parameters.java:190)
at org.testng.internal.Invoker.invokeConfigurations(Invoker.java:209)
at org.testng.internal.Invoker.invokeConfigurations(Invoker.java:142)
at org.testng.TestRunner.afterRun(TestRunner.java:725)
at org.testng.TestRunner.run(TestRunner.java:509)
at org.testng.SuiteRunner.runTest(SuiteRunner.java:455)
at org.testng.SuiteRunner.runSequentially(SuiteRunner.java:450)
at org.testng.SuiteRunner.privateRun(SuiteRunner.java:415)
at org.testng.SuiteRunner.run(SuiteRunner.java:364)
at org.testng.SuiteRunnerWorker.runSuite(SuiteRunnerWorker.java:52)
at org.testng.SuiteRunnerWorker.run(SuiteRunnerWorker.java:84)
at org.testng.TestNG.runSuitesSequentially(TestNG.java:1208)
at org.testng.TestNG.runSuitesLocally(TestNG.java:1137)
at org.testng.TestNG.runSuites(TestNG.java:1049)
at org.testng.TestNG.run(TestNG.java:1017)
at org.testng.remote.AbstractRemoteTestNG.run(AbstractRemoteTestNG.java:114)
at org.testng.remote.RemoteTestNG.initAndRun(RemoteTestNG.java:251)
at org.testng.remote.RemoteTestNG.main(RemoteTestNG.java:77)
]]>
    </error>
  </testcase> <!-- crashdetails -->
  <testcase name="ReferFriend" time="146.581" classname="AndroidAppiumAuto.AppActivity"/>
  <testcase name="VIP_Validation" classname="AndroidAppiumAuto.AppActivity">
    <skipped/>
  </testcase> <!-- VIP_Validation -->
  <testcase name="Ooredoo_Play" classname="AndroidAppiumAuto.AppActivity">
    <skipped/>
  </testcase> <!-- Ooredoo_Play -->
  <testcase name="TopUpVoucher" classname="AndroidAppiumAuto.AppActivity">
    <skipped/>
  </testcase> <!-- TopUpVoucher -->
  <testcase name="EmailVerification" classname="AndroidAppiumAuto.AppActivity">
    <skipped/>
  </testcase> <!-- EmailVerification -->
  <testcase name="OTPPageValidation" classname="AndroidAppiumAuto.AppActivity">
    <skipped/>
  </testcase> <!-- OTPPageValidation -->
  <testcase name="PendingProfileUpdate" classname="AndroidAppiumAuto.AppActivity">
    <skipped/>
  </testcase> <!-- PendingProfileUpdate -->
  <testcase name="VIPHomePage" classname="AndroidAppiumAuto.AppActivity">
    <skipped/>
  </testcase> <!-- VIPHomePage -->
  <testcase name="BannerDet" classname="AndroidAppiumAuto.AppActivity">
    <skipped/>
  </testcase> <!-- BannerDet -->
  <testcase name="UsageHistory" classname="AndroidAppiumAuto.AppActivity">
    <skipped/>
  </testcase> <!-- UsageHistory -->
  <testcase name="LogOut" classname="AndroidAppiumAuto.AppActivity">
    <skipped/>
  </testcase> <!-- LogOut -->
  <testcase name="SuperNetMini" classname="AndroidAppiumAuto.AppActivity">
    <skipped/>
  </testcase> <!-- SuperNetMini -->
  <testcase name="PageloadTest" classname="AndroidAppiumAuto.AppActivity">
    <skipped/>
  </testcase> <!-- PageloadTest -->
  <testcase name="Nini" classname="AndroidAppiumAuto.AppActivity">
    <skipped/>
  </testcase> <!-- Nini -->
  <testcase name="VipRedeemPoints" classname="AndroidAppiumAuto.AppActivity">
    <skipped/>
  </testcase> <!-- VipRedeemPoints -->
  <testcase name="accountview" classname="AndroidAppiumAuto.AppActivity">
    <skipped/>
  </testcase> <!-- accountview -->
  <testcase name="Notifications" classname="AndroidAppiumAuto.AppActivity">
    <skipped/>
  </testcase> <!-- Notifications -->
  <testcase name="MaxAccountVerify" classname="AndroidAppiumAuto.AppActivity">
    <skipped/>
  </testcase> <!-- MaxAccountVerify -->
  <testcase name="UserRegisterDetails" classname="AndroidAppiumAuto.AppActivity">
    <skipped/>
  </testcase> <!-- UserRegisterDetails -->
  <testcase name="FAQ_TermsConditions" classname="AndroidAppiumAuto.AppActivity">
    <skipped/>
  </testcase> <!-- FAQ_TermsConditions -->
  <testcase name="QueryBalanceApi" classname="AndroidAppiumAuto.AppActivity">
    <skipped/>
  </testcase> <!-- QueryBalanceApi -->
  <testcase name="PyawPyawYu" classname="AndroidAppiumAuto.AppActivity">
    <skipped/>
  </testcase> <!-- PyawPyawYu -->
  <testcase name="LiveTVDetails" classname="AndroidAppiumAuto.AppActivity">
    <skipped/>
  </testcase> <!-- LiveTVDetails -->
  <testcase name="Report_An_Issue" classname="AndroidAppiumAuto.AppActivity">
    <skipped/>
  </testcase> <!-- Report_An_Issue -->
  <testcase name="ResendFetchOTP" classname="AndroidAppiumAuto.AppActivity">
    <skipped/>
  </testcase> <!-- ResendFetchOTP -->
  <testcase name="NoMsisdn" classname="AndroidAppiumAuto.AppActivity">
    <skipped/>
  </testcase> <!-- NoMsisdn -->
  <testcase name="ByopQueryBalance" classname="AndroidAppiumAuto.AppActivity">
    <skipped/>
  </testcase> <!-- ByopQueryBalance -->
  <testcase name="DDDPacks" classname="AndroidAppiumAuto.AppActivity">
    <skipped/>
  </testcase> <!-- DDDPacks -->
  <testcase name="LowAlert" classname="AndroidAppiumAuto.AppActivity">
    <skipped/>
  </testcase> <!-- LowAlert -->
  <testcase name="More_Settings" classname="AndroidAppiumAuto.AppActivity">
    <skipped/>
  </testcase> <!-- More_Settings -->
  <testcase name="VIPMyBenefits" classname="AndroidAppiumAuto.AppActivity">
    <skipped/>
  </testcase> <!-- VIPMyBenefits -->
  <testcase name="MultipleAccount" classname="AndroidAppiumAuto.AppActivity">
    <skipped/>
  </testcase> <!-- MultipleAccount -->
  <testcase name="LoginPage" classname="AndroidAppiumAuto.AppActivity">
    <skipped/>
  </testcase> <!-- LoginPage -->
  <testcase name="TopUpMPitesan" classname="AndroidAppiumAuto.AppActivity">
    <skipped/>
  </testcase> <!-- TopUpMPitesan -->
  <testcase name="VIPMyPoints" classname="AndroidAppiumAuto.AppActivity">
    <skipped/>
  </testcase> <!-- VIPMyPoints -->
  <testcase name="UpdateLocation" classname="AndroidAppiumAuto.AppActivity">
    <skipped/>
  </testcase> <!-- UpdateLocation -->
  <testcase name="BannerDetails" classname="AndroidAppiumAuto.AppActivity">
    <skipped/>
  </testcase> <!-- BannerDetails -->
  <testcase name="MoreMyDetails" classname="AndroidAppiumAuto.AppActivity">
    <skipped/>
  </testcase> <!-- MoreMyDetails -->
  <testcase name="InvalidMsisdn" classname="AndroidAppiumAuto.AppActivity">
    <skipped/>
  </testcase> <!-- InvalidMsisdn -->
  <testcase name="VIPMyDiscounts" classname="AndroidAppiumAuto.AppActivity">
    <skipped/>
  </testcase> <!-- VIPMyDiscounts -->
  <testcase name="VipSpinWheel" classname="AndroidAppiumAuto.AppActivity">
    <skipped/>
  </testcase> <!-- VipSpinWheel -->
  <testcase name="UserRegisterStatus" classname="AndroidAppiumAuto.AppActivity">
    <skipped/>
  </testcase> <!-- UserRegisterStatus -->
  <testcase name="DeleteAccount" classname="AndroidAppiumAuto.AppActivity">
    <skipped/>
  </testcase> <!-- DeleteAccount -->
  <testcase name="VIPHomePageShortCutIcons" classname="AndroidAppiumAuto.AppActivity">
    <skipped/>
  </testcase> <!-- VIPHomePageShortCutIcons -->
  <testcase name="contextpopup" classname="AndroidAppiumAuto.AppActivity">
    <skipped/>
  </testcase> <!-- contextpopup -->
  <testcase name="VIPRedeemPoints" classname="AndroidAppiumAuto.AppActivity">
    <skipped/>
  </testcase> <!-- VIPRedeemPoints -->
  <testcase name="VipProfileUpdate" classname="AndroidAppiumAuto.AppActivity">
    <skipped/>
  </testcase> <!-- VipProfileUpdate -->
</testsuite> <!-- AndroidAppiumAuto.AppActivity -->
