<?xml version="1.0" encoding="UTF-8"?>
<!-- Generated by org.testng.reporters.JUnitReportReporter -->
<testsuite skipped="47" hostname="wlpt761" name="AndroidAppiumAuto.AppActivity" tests="48" failures="0" timestamp="28 Jan 2021 11:28:03 GMT" time="32.206" errors="1">
  <testcase name="launchapp" time="32.206" classname="AndroidAppiumAuto.AppActivity">
    <error type="org.openqa.selenium.WebDriverException" message="unknown error: Chrome failed to start: exited normally.
  (unknown error: DevToolsActivePort file doesn&#039;t exist)
  (The process started from chrome location C:\Program Files (x86)\Google\Chrome\Application\chrome.exe is no longer running, so ChromeDriver is assuming that Chrome has crashed.)
Build info: version: &#039;3.141.59&#039;, revision: &#039;e82be7d358&#039;, time: &#039;2018-11-14T08:17:03&#039;
System info: host: &#039;WLPT761&#039;, ip: &#039;172.16.44.125&#039;, os.name: &#039;Windows 10&#039;, os.arch: &#039;amd64&#039;, os.version: &#039;10.0&#039;, java.version: &#039;1.8.0_261&#039;
Driver info: driver.version: ChromeDriver
remote stacktrace: Backtrace:
	Ordinal0 [0x00B6ECE3+3337443]
	Ordinal0 [0x00A4F041+2158657]
	Ordinal0 [0x008D6FA8+618408]
	Ordinal0 [0x0084E48A+58506]
	Ordinal0 [0x0084C38A+50058]
	Ordinal0 [0x00875E8E+220814]
	Ordinal0 [0x00875BFC+220156]
	Ordinal0 [0x0087181B+202779]
	Ordinal0 [0x00853D74+81268]
	Ordinal0 [0x00854D6E+85358]
	Ordinal0 [0x00854CF9+85241]
	Ordinal0 [0x00A66F2C+2256684]
	GetHandleVerifier [0x00CF2FAC+1478332]
	GetHandleVerifier [0x00CF2AFD+1477133]
	GetHandleVerifier [0x00CFAAD8+1509864]
	GetHandleVerifier [0x00CF369E+1480110]
	Ordinal0 [0x00A5D6BD+2217661]
	Ordinal0 [0x00A689AB+2263467]
	Ordinal0 [0x00A68AEF+2263791]
	Ordinal0 [0x00A7D363+2347875]
	BaseThreadInitThunk [0x77776359+25]
	RtlGetAppContainerNamedObjectPath [0x77AF8944+228]
	RtlGetAppContainerNamedObjectPath [0x77AF8914+180]
">
      <![CDATA[org.openqa.selenium.WebDriverException: unknown error: Chrome failed to start: exited normally.
  (unknown error: DevToolsActivePort file doesn't exist)
  (The process started from chrome location C:\Program Files (x86)\Google\Chrome\Application\chrome.exe is no longer running, so ChromeDriver is assuming that Chrome has crashed.)
Build info: version: '3.141.59', revision: 'e82be7d358', time: '2018-11-14T08:17:03'
System info: host: 'WLPT761', ip: '172.16.44.125', os.name: 'Windows 10', os.arch: 'amd64', os.version: '10.0', java.version: '1.8.0_261'
Driver info: driver.version: ChromeDriver
remote stacktrace: Backtrace:
Ordinal0 [0x00B6ECE3+3337443]
Ordinal0 [0x00A4F041+2158657]
Ordinal0 [0x008D6FA8+618408]
Ordinal0 [0x0084E48A+58506]
Ordinal0 [0x0084C38A+50058]
Ordinal0 [0x00875E8E+220814]
Ordinal0 [0x00875BFC+220156]
Ordinal0 [0x0087181B+202779]
Ordinal0 [0x00853D74+81268]
Ordinal0 [0x00854D6E+85358]
Ordinal0 [0x00854CF9+85241]
Ordinal0 [0x00A66F2C+2256684]
GetHandleVerifier [0x00CF2FAC+1478332]
GetHandleVerifier [0x00CF2AFD+1477133]
GetHandleVerifier [0x00CFAAD8+1509864]
GetHandleVerifier [0x00CF369E+1480110]
Ordinal0 [0x00A5D6BD+2217661]
Ordinal0 [0x00A689AB+2263467]
Ordinal0 [0x00A68AEF+2263791]
Ordinal0 [0x00A7D363+2347875]
BaseThreadInitThunk [0x77776359+25]
RtlGetAppContainerNamedObjectPath [0x77AF8944+228]
RtlGetAppContainerNamedObjectPath [0x77AF8914+180]

at sun.reflect.NativeConstructorAccessorImpl.newInstance0(Native Method)
at sun.reflect.NativeConstructorAccessorImpl.newInstance(Unknown Source)
at sun.reflect.DelegatingConstructorAccessorImpl.newInstance(Unknown Source)
at java.lang.reflect.Constructor.newInstance(Unknown Source)
at org.openqa.selenium.remote.W3CHandshakeResponse.lambda$errorHandler$0(W3CHandshakeResponse.java:62)
at org.openqa.selenium.remote.HandshakeResponse.lambda$getResponseFunction$0(HandshakeResponse.java:30)
at org.openqa.selenium.remote.ProtocolHandshake.lambda$createSession$0(ProtocolHandshake.java:126)
at java.util.stream.ReferencePipeline$3$1.accept(Unknown Source)
at java.util.Spliterators$ArraySpliterator.tryAdvance(Unknown Source)
at java.util.stream.ReferencePipeline.forEachWithCancel(Unknown Source)
at java.util.stream.AbstractPipeline.copyIntoWithCancel(Unknown Source)
at java.util.stream.AbstractPipeline.copyInto(Unknown Source)
at java.util.stream.AbstractPipeline.wrapAndCopyInto(Unknown Source)
at java.util.stream.FindOps$FindOp.evaluateSequential(Unknown Source)
at java.util.stream.AbstractPipeline.evaluate(Unknown Source)
at java.util.stream.ReferencePipeline.findFirst(Unknown Source)
at org.openqa.selenium.remote.ProtocolHandshake.createSession(ProtocolHandshake.java:128)
at org.openqa.selenium.remote.ProtocolHandshake.createSession(ProtocolHandshake.java:74)
at org.openqa.selenium.remote.HttpCommandExecutor.execute(HttpCommandExecutor.java:136)
at org.openqa.selenium.remote.service.DriverCommandExecutor.execute(DriverCommandExecutor.java:83)
at org.openqa.selenium.remote.RemoteWebDriver.execute(RemoteWebDriver.java:552)
at org.openqa.selenium.remote.RemoteWebDriver.startSession(RemoteWebDriver.java:213)
at org.openqa.selenium.remote.RemoteWebDriver.<init>(RemoteWebDriver.java:131)
at org.openqa.selenium.chrome.ChromeDriver.<init>(ChromeDriver.java:181)
at org.openqa.selenium.chrome.ChromeDriver.<init>(ChromeDriver.java:168)
at org.openqa.selenium.chrome.ChromeDriver.<init>(ChromeDriver.java:123)
at AndroidAppiumAuto.CommonMethods.initmethods(CommonMethods.java:68)
at AndroidAppiumAuto.AppActivity.launchapp(AppActivity.java:1247)
at sun.reflect.NativeMethodAccessorImpl.invoke0(Native Method)
at sun.reflect.NativeMethodAccessorImpl.invoke(Unknown Source)
at sun.reflect.DelegatingMethodAccessorImpl.invoke(Unknown Source)
at java.lang.reflect.Method.invoke(Unknown Source)
at org.testng.internal.MethodInvocationHelper.invokeMethod(MethodInvocationHelper.java:124)
at org.testng.internal.MethodInvocationHelper.invokeMethodConsideringTimeout(MethodInvocationHelper.java:59)
at org.testng.internal.Invoker.invokeConfigurationMethod(Invoker.java:458)
at org.testng.internal.Invoker.invokeConfigurations(Invoker.java:222)
at org.testng.internal.Invoker.invokeConfigurations(Invoker.java:142)
at org.testng.internal.TestMethodWorker.invokeBeforeClassMethods(TestMethodWorker.java:168)
at org.testng.internal.TestMethodWorker.run(TestMethodWorker.java:105)
at java.util.concurrent.ThreadPoolExecutor.runWorker(Unknown Source)
at java.util.concurrent.ThreadPoolExecutor$Worker.run(Unknown Source)
at java.lang.Thread.run(Unknown Source)
]]>
    </error>
  </testcase> <!-- launchapp -->
  <testcase name="NoMsisdn" time="0.000" classname="AndroidAppiumAuto.AppActivity">
    <skipped/>
  </testcase> <!-- NoMsisdn -->
  <testcase name="InvalidMsisdn" time="0.000" classname="AndroidAppiumAuto.AppActivity">
    <skipped/>
  </testcase> <!-- InvalidMsisdn -->
  <testcase name="LoginPage" time="0.000" classname="AndroidAppiumAuto.AppActivity">
    <skipped/>
  </testcase> <!-- LoginPage -->
  <testcase name="OTPPageValidation" time="0.000" classname="AndroidAppiumAuto.AppActivity">
    <skipped/>
  </testcase> <!-- OTPPageValidation -->
  <testcase name="ResendFetchOTP" time="0.000" classname="AndroidAppiumAuto.AppActivity">
    <skipped/>
  </testcase> <!-- ResendFetchOTP -->
  <testcase name="contextpopup" time="0.000" classname="AndroidAppiumAuto.AppActivity">
    <skipped/>
  </testcase> <!-- contextpopup -->
  <testcase name="BannerDetails" time="0.000" classname="AndroidAppiumAuto.AppActivity">
    <skipped/>
  </testcase> <!-- BannerDetails -->
  <testcase name="TopUpVoucher" time="0.000" classname="AndroidAppiumAuto.AppActivity">
    <skipped/>
  </testcase> <!-- TopUpVoucher -->
  <testcase name="TopUpMPitesan" time="0.000" classname="AndroidAppiumAuto.AppActivity">
    <skipped/>
  </testcase> <!-- TopUpMPitesan -->
  <testcase name="Notifications" time="0.000" classname="AndroidAppiumAuto.AppActivity">
    <skipped/>
  </testcase> <!-- Notifications -->
  <testcase name="VIPMyBenefits" time="0.000" classname="AndroidAppiumAuto.AppActivity">
    <skipped/>
  </testcase> <!-- VIPMyBenefits -->
  <testcase name="VIP_Validation" time="0.000" classname="AndroidAppiumAuto.AppActivity">
    <skipped/>
  </testcase> <!-- VIP_Validation -->
  <testcase name="UsageHistory" time="0.000" classname="AndroidAppiumAuto.AppActivity">
    <skipped/>
  </testcase> <!-- UsageHistory -->
  <testcase name="UserRegisterStatus" time="0.000" classname="AndroidAppiumAuto.AppActivity">
    <skipped/>
  </testcase> <!-- UserRegisterStatus -->
  <testcase name="UserRegisterDetails" time="0.000" classname="AndroidAppiumAuto.AppActivity">
    <skipped/>
  </testcase> <!-- UserRegisterDetails -->
  <testcase name="Ooredoo_Play" classname="AndroidAppiumAuto.AppActivity">
    <skipped/>
  </testcase> <!-- Ooredoo_Play -->
  <testcase name="EmailVerification" classname="AndroidAppiumAuto.AppActivity">
    <skipped/>
  </testcase> <!-- EmailVerification -->
  <testcase name="PendingProfileUpdate" classname="AndroidAppiumAuto.AppActivity">
    <skipped/>
  </testcase> <!-- PendingProfileUpdate -->
  <testcase name="VIPHomePage" classname="AndroidAppiumAuto.AppActivity">
    <skipped/>
  </testcase> <!-- VIPHomePage -->
  <testcase name="BannerDet" classname="AndroidAppiumAuto.AppActivity">
    <skipped/>
  </testcase> <!-- BannerDet -->
  <testcase name="LogOut" classname="AndroidAppiumAuto.AppActivity">
    <skipped/>
  </testcase> <!-- LogOut -->
  <testcase name="SuperNetMini" classname="AndroidAppiumAuto.AppActivity">
    <skipped/>
  </testcase> <!-- SuperNetMini -->
  <testcase name="PageloadTest" classname="AndroidAppiumAuto.AppActivity">
    <skipped/>
  </testcase> <!-- PageloadTest -->
  <testcase name="Nini" classname="AndroidAppiumAuto.AppActivity">
    <skipped/>
  </testcase> <!-- Nini -->
  <testcase name="VipRedeemPoints" classname="AndroidAppiumAuto.AppActivity">
    <skipped/>
  </testcase> <!-- VipRedeemPoints -->
  <testcase name="accountview" classname="AndroidAppiumAuto.AppActivity">
    <skipped/>
  </testcase> <!-- accountview -->
  <testcase name="MaxAccountVerify" classname="AndroidAppiumAuto.AppActivity">
    <skipped/>
  </testcase> <!-- MaxAccountVerify -->
  <testcase name="FAQ_TermsConditions" classname="AndroidAppiumAuto.AppActivity">
    <skipped/>
  </testcase> <!-- FAQ_TermsConditions -->
  <testcase name="QueryBalanceApi" classname="AndroidAppiumAuto.AppActivity">
    <skipped/>
  </testcase> <!-- QueryBalanceApi -->
  <testcase name="PyawPyawYu" classname="AndroidAppiumAuto.AppActivity">
    <skipped/>
  </testcase> <!-- PyawPyawYu -->
  <testcase name="Report_An_Issue" classname="AndroidAppiumAuto.AppActivity">
    <skipped/>
  </testcase> <!-- Report_An_Issue -->
  <testcase name="LiveTVDetails" classname="AndroidAppiumAuto.AppActivity">
    <skipped/>
  </testcase> <!-- LiveTVDetails -->
  <testcase name="ByopQueryBalance" classname="AndroidAppiumAuto.AppActivity">
    <skipped/>
  </testcase> <!-- ByopQueryBalance -->
  <testcase name="DDDPacks" classname="AndroidAppiumAuto.AppActivity">
    <skipped/>
  </testcase> <!-- DDDPacks -->
  <testcase name="LowAlert" classname="AndroidAppiumAuto.AppActivity">
    <skipped/>
  </testcase> <!-- LowAlert -->
  <testcase name="More_Settings" classname="AndroidAppiumAuto.AppActivity">
    <skipped/>
  </testcase> <!-- More_Settings -->
  <testcase name="MultipleAccount" classname="AndroidAppiumAuto.AppActivity">
    <skipped/>
  </testcase> <!-- MultipleAccount -->
  <testcase name="VIPMyPoints" classname="AndroidAppiumAuto.AppActivity">
    <skipped/>
  </testcase> <!-- VIPMyPoints -->
  <testcase name="UpdateLocation" classname="AndroidAppiumAuto.AppActivity">
    <skipped/>
  </testcase> <!-- UpdateLocation -->
  <testcase name="MoreMyDetails" classname="AndroidAppiumAuto.AppActivity">
    <skipped/>
  </testcase> <!-- MoreMyDetails -->
  <testcase name="VIPMyDiscounts" classname="AndroidAppiumAuto.AppActivity">
    <skipped/>
  </testcase> <!-- VIPMyDiscounts -->
  <testcase name="VipSpinWheel" classname="AndroidAppiumAuto.AppActivity">
    <skipped/>
  </testcase> <!-- VipSpinWheel -->
  <testcase name="DeleteAccount" classname="AndroidAppiumAuto.AppActivity">
    <skipped/>
  </testcase> <!-- DeleteAccount -->
  <testcase name="VIPHomePageShortCutIcons" classname="AndroidAppiumAuto.AppActivity">
    <skipped/>
  </testcase> <!-- VIPHomePageShortCutIcons -->
  <testcase name="ReferFriend" classname="AndroidAppiumAuto.AppActivity">
    <skipped/>
  </testcase> <!-- ReferFriend -->
  <testcase name="VIPRedeemPoints" classname="AndroidAppiumAuto.AppActivity">
    <skipped/>
  </testcase> <!-- VIPRedeemPoints -->
  <testcase name="VipProfileUpdate" classname="AndroidAppiumAuto.AppActivity">
    <skipped/>
  </testcase> <!-- VipProfileUpdate -->
</testsuite> <!-- AndroidAppiumAuto.AppActivity -->
