<?xml version="1.0" encoding="UTF-8"?>
<!-- Generated by org.testng.reporters.JUnitReportReporter -->
<testsuite skipped="20" hostname="wlpt761" name="AndroidAppiumAuto.AppActivity_Group2" tests="38" failures="0" timestamp="01 Oct 2020 12:39:13 GMT" time="76.433" errors="14">
  <testcase name="crashdetails" time="0.848" classname="AndroidAppiumAuto.AppActivity_Group2">
    <error type="org.testng.TestNGException" message="
Can inject only one of &lt;ITestContext, XmlTest&gt; into a @AfterTest annotated crashdetails.
For more information on native dependency injection please refer to http://testng.org/doc/documentation-main.html#native-dependency-injection">
      <![CDATA[org.testng.TestNGException: 
Can inject only one of <ITestContext, XmlTest> into a @AfterTest annotated crashdetails.
For more information on native dependency injection please refer to http://testng.org/doc/documentation-main.html#native-dependency-injection
at org.testng.internal.Parameters.checkParameterTypes(Parameters.java:407)
at org.testng.internal.Parameters.createParametersForMethod(Parameters.java:356)
at org.testng.internal.Parameters.createParameters(Parameters.java:635)
at org.testng.internal.Parameters.createConfigurationParameters(Parameters.java:190)
at org.testng.internal.Invoker.invokeConfigurations(Invoker.java:209)
at org.testng.internal.Invoker.invokeConfigurations(Invoker.java:142)
at org.testng.TestRunner.afterRun(TestRunner.java:725)
at org.testng.TestRunner.run(TestRunner.java:509)
at org.testng.SuiteRunner.runTest(SuiteRunner.java:455)
at org.testng.SuiteRunner.access$000(SuiteRunner.java:40)
at org.testng.SuiteRunner$SuiteWorker.run(SuiteRunner.java:489)
at org.testng.internal.thread.ThreadUtil$1.call(ThreadUtil.java:52)
at java.util.concurrent.FutureTask.run(Unknown Source)
at java.util.concurrent.ThreadPoolExecutor.runWorker(Unknown Source)
at java.util.concurrent.ThreadPoolExecutor$Worker.run(Unknown Source)
at java.lang.Thread.run(Unknown Source)
]]>
    </error>
  </testcase> <!-- crashdetails -->
  <testcase name="VIPHomePageShortCutIcons" time="8.972" classname="AndroidAppiumAuto.AppActivity_Group2"/>
  <testcase name="VipSpinWheel" time="16.701" classname="AndroidAppiumAuto.AppActivity_Group2">
    <error type="AndroidAppiumAuto.exceptions.CustomException" message="The Element Redeemproceed you are trying to click is failed , Please try again !">
      <![CDATA[AndroidAppiumAuto.exceptions.CustomException: The Element Redeemproceed you are trying to click is failed , Please try again !
at AndroidAppiumAuto.CommonMethods.ClickEvents(CommonMethods.java:132)
at AndroidAppiumAuto.CommonMethods.spinwheel(CommonMethods.java:863)
at AndroidAppiumAuto.AppActivity_Group2.VipSpinWheel(AppActivity_Group2.java:278)
at sun.reflect.NativeMethodAccessorImpl.invoke0(Native Method)
at sun.reflect.NativeMethodAccessorImpl.invoke(Unknown Source)
at sun.reflect.DelegatingMethodAccessorImpl.invoke(Unknown Source)
at java.lang.reflect.Method.invoke(Unknown Source)
at org.testng.internal.MethodInvocationHelper.invokeMethod(MethodInvocationHelper.java:124)
at org.testng.internal.Invoker.invokeMethod(Invoker.java:583)
at org.testng.internal.Invoker.invokeTestMethod(Invoker.java:719)
at org.testng.internal.Invoker.invokeTestMethods(Invoker.java:989)
at org.testng.internal.TestMethodWorker.invokeTestMethods(TestMethodWorker.java:125)
at org.testng.internal.TestMethodWorker.run(TestMethodWorker.java:109)
at org.testng.TestRunner.privateRun(TestRunner.java:648)
at org.testng.TestRunner.run(TestRunner.java:505)
at org.testng.SuiteRunner.runTest(SuiteRunner.java:455)
at org.testng.SuiteRunner.access$000(SuiteRunner.java:40)
at org.testng.SuiteRunner$SuiteWorker.run(SuiteRunner.java:489)
at org.testng.internal.thread.ThreadUtil$1.call(ThreadUtil.java:52)
at java.util.concurrent.FutureTask.run(Unknown Source)
at java.util.concurrent.ThreadPoolExecutor.runWorker(Unknown Source)
at java.util.concurrent.ThreadPoolExecutor$Worker.run(Unknown Source)
at java.lang.Thread.run(Unknown Source)
]]>
    </error>
  </testcase> <!-- VipSpinWheel -->
  <testcase name="VIPRedeemPoints" time="4.520" classname="AndroidAppiumAuto.AppActivity_Group2">
    <error type="org.openqa.selenium.WebDriverException" message="An unknown server-side error occurred while processing the command. Original error: io.appium.uiautomator2.common.exceptions.UiAutomator2Exception: Error in building: Ill-formed XML document (multiple root elements detected). Try changing the &#039;normalizeTagNames&#039; driver setting to &#039;true&#039; in order to workaround the problem.
	at io.appium.uiautomator2.core.AccessibilityNodeInfoDumper.findNodes(AccessibilityNodeInfoDumper.java:233)
	at io.appium.uiautomator2.utils.ElementLocationHelpers.getXPathNodeMatch(ElementLocationHelpers.java:71)
	at io.appium.uiautomator2.handler.FindElements.findElements(FindElements.java:117)
	at io.appium.uiautomator2.handler.FindElements.safeHandle(FindElements.java:81)
	at io.appium.uiautomator2.handler.request.SafeRequestHandler.handle(SafeRequestHandler.java:37)
	at io.appium.uiautomator2.server.AppiumServlet.handleRequest(AppiumServlet.java:252)
	at io.appium.uiautomator2.server.AppiumServlet.handleHttpRequest(AppiumServlet.java:243)
	at io.appium.uiautomator2.http.ServerHandler.channelRead(ServerHandler.java:44)
	at io.netty.channel.AbstractChannelHandlerContext.invokeChannelRead(AbstractChannelHandlerContext.java:366)
	at io.netty.channel.AbstractChannelHandlerContext.invokeChannelRead(AbstractChannelHandlerContext.java:352)
	at io.netty.channel.AbstractChannelHandlerContext.fireChannelRead(AbstractChannelHandlerContext.java:345)
	at io.netty.handler.codec.MessageToMessageDecoder.channelRead(MessageToMessageDecoder.java:102)
	at io.netty.channel.AbstractChannelHandlerContext.invokeChannelRead(AbstractChannelHandlerContext.java:366)
	at io.netty.channel.AbstractChannelHandlerContext.invokeChannelRead(AbstractChannelHandlerContext.java:352)
	at io.netty.channel.AbstractChannelHandlerContext.fireChannelRead(AbstractChannelHandlerContext.java:345)
	at io.netty.channel.CombinedChannelDuplexHandler$DelegatingChannelHandlerContext.fireChannelRead(CombinedChannelDuplexHandler.java:435)
	at io.netty.handler.codec.ByteToMessageDecoder.fireChannelRead(ByteToMessageDecoder.java:293)
	at io.netty.handler.codec.ByteToMessageDecoder.channelRead(ByteToMessageDecoder.java:267)
	at io.netty.channel.CombinedChannelDuplexHandler.channelRead(CombinedChannelDuplexHandler.java:250)
	at io.netty.channel.AbstractChannelHandlerContext.invokeChannelRead(AbstractChannelHandlerContext.java:366)
	at io.netty.channel.AbstractChannelHandlerContext.invokeChannelRead(AbstractChannelHandlerContext.java:352)
	at io.netty.channel.AbstractChannelHandlerContext.fireChannelRead(AbstractChannelHandlerContext.java:345)
	at io.netty.channel.DefaultChannelPipeline$HeadContext.channelRead(DefaultChannelPipeline.java:1294)
	at io.netty.channel.AbstractChannelHandlerContext.invokeChannelRead(AbstractChannelHandlerContext.java:366)
	at io.netty.channel.AbstractChannelHandlerContext.invokeChannelRead(AbstractChannelHandlerContext.java:352)
	at io.netty.channel.DefaultChannelPipeline.fireChannelRead(DefaultChannelPipeline.java:911)
	at io.netty.channel.nio.AbstractNioByteChannel$NioByteUnsafe.read(AbstractNioByteChannel.java:131)
	at io.netty.channel.nio.NioEventLoop.processSelectedKey(NioEventLoop.java:611)
	at io.netty.channel.nio.NioEventLoop.processSelectedKeysOptimized(NioEventLoop.java:552)
	at io.netty.channel.nio.NioEventLoop.processSelectedKeys(NioEventLoop.java:466)
	at io.netty.channel.nio.NioEventLoop.run(NioEventLoop.java:438)
	at io.netty.util.concurrent.SingleThreadEventExecutor$2.run(SingleThreadEventExecutor.java:140)
	at io.netty.util.concurrent.DefaultThreadFactory$DefaultRunnableDecorator.run(DefaultThreadFactory.java:144)
	at java.lang.Thread.run(Thread.java:764)
Caused by: org.jdom2.input.JDOMParseException: Error in building: Ill-formed XML document (multiple root elements detected)
	at org.jdom2.input.sax.SAXBuilderEngine.build(SAXBuilderEngine.java:236)
	at org.jdom2.input.sax.SAXBuilderEngine.build(SAXBuilderEngine.java:253)
	at org.jdom2.input.SAXBuilder.build(SAXBuilder.java:1091)
	at io.appium.uiautomator2.core.AccessibilityNodeInfoDumper.findNodes(AccessibilityNodeInfoDumper.java:213)
	... 33 more
Caused by: org.xml.sax.SAXException: Ill-formed XML document (multiple root elements detected)
	at org.jdom2.input.sax.SAXHandler.getCurrentElement(SAXHandler.java:1134)
	at org.jdom2.input.sax.SAXHandler.flushCharacters(SAXHandler.java:841)
	at org.jdom2.input.sax.SAXHandler.flushCharacters(SAXHandler.java:806)
	at org.jdom2.input.sax.SAXHandler.endElement(SAXHandler.java:869)
	at org.apache.harmony.xml.ExpatParser.endElement(ExpatParser.java:156)
	at org.apache.harmony.xml.ExpatParser.appendBytes(Native Method)
	at org.apache.harmony.xml.ExpatParser.parseFragment(ExpatParser.java:513)
	at org.apache.harmony.xml.ExpatParser.parseDocument(ExpatParser.java:474)
	at org.apache.harmony.xml.ExpatReader.parse(ExpatReader.java:316)
	at org.apache.harmony.xml.ExpatReader.parse(ExpatReader.java:279)
	at org.jdom2.input.sax.SAXBuilderEngine.build(SAXBuilderEngine.java:217)
	... 36 more

Build info: version: &#039;3.141.59&#039;, revision: &#039;e82be7d358&#039;, time: &#039;2018-11-14T08:17:03&#039;
System info: host: &#039;WLPT761&#039;, ip: &#039;172.16.40.185&#039;, os.name: &#039;Windows 10&#039;, os.arch: &#039;amd64&#039;, os.version: &#039;10.0&#039;, java.version: &#039;1.8.0_261&#039;
Driver info: io.appium.java_client.android.AndroidDriver
Capabilities {appActivity: com.ooredoo.selfcare.Ooredoo, appPackage: com.ooredoo.selfcare, autoGrantPermissions: true, autoWebView: true, automationName: UiAutomator2, databaseEnabled: false, desired: {appActivity: com.ooredoo.selfcare.Ooredoo, appPackage: com.ooredoo.selfcare, autoGrantPermissions: true, autoWebView: true, automationName: UiAutomator2, deviceName: uiautomatorviewer, maxInstances: 3, name:  OM Sample Test, noReset: true, platformName: android, udid: 520074b4ee426523}, deviceApiLevel: 27, deviceManufacturer: OPPO, deviceModel: CPH1909, deviceName: 520074b4ee426523, deviceScreenDensity: 320, deviceScreenSize: 720x1520, deviceUDID: 520074b4ee426523, javascriptEnabled: true, locationContextEnabled: false, maxInstances: 3, name:  OM Sample Test, networkConnectionEnabled: true, noReset: true, pixelRatio: 2, platform: LINUX, platformName: Android, platformVersion: 8.1.0, statBarHeight: 56, takesScreenshot: true, udid: 520074b4ee426523, viewportRect: {height: 1368, left: 0, top: 56, width: 720}, warnings: {}, webStorageEnabled: false}
Session ID: c80f95a6-30bf-4dac-a3cb-5f73702593b4
*** Element info: {Using=xpath, value=//android.widget.TextView[contains(@resource-id,&#039;com.ooredoo.selfcare:id/tv_Title&#039;)]}">
      <![CDATA[org.openqa.selenium.WebDriverException: An unknown server-side error occurred while processing the command. Original error: io.appium.uiautomator2.common.exceptions.UiAutomator2Exception: Error in building: Ill-formed XML document (multiple root elements detected). Try changing the 'normalizeTagNames' driver setting to 'true' in order to workaround the problem.
at io.appium.uiautomator2.core.AccessibilityNodeInfoDumper.findNodes(AccessibilityNodeInfoDumper.java:233)
at io.appium.uiautomator2.utils.ElementLocationHelpers.getXPathNodeMatch(ElementLocationHelpers.java:71)
at io.appium.uiautomator2.handler.FindElements.findElements(FindElements.java:117)
at io.appium.uiautomator2.handler.FindElements.safeHandle(FindElements.java:81)
at io.appium.uiautomator2.handler.request.SafeRequestHandler.handle(SafeRequestHandler.java:37)
at io.appium.uiautomator2.server.AppiumServlet.handleRequest(AppiumServlet.java:252)
at io.appium.uiautomator2.server.AppiumServlet.handleHttpRequest(AppiumServlet.java:243)
at io.appium.uiautomator2.http.ServerHandler.channelRead(ServerHandler.java:44)
at io.netty.channel.AbstractChannelHandlerContext.invokeChannelRead(AbstractChannelHandlerContext.java:366)
at io.netty.channel.AbstractChannelHandlerContext.invokeChannelRead(AbstractChannelHandlerContext.java:352)
at io.netty.channel.AbstractChannelHandlerContext.fireChannelRead(AbstractChannelHandlerContext.java:345)
at io.netty.handler.codec.MessageToMessageDecoder.channelRead(MessageToMessageDecoder.java:102)
at io.netty.channel.AbstractChannelHandlerContext.invokeChannelRead(AbstractChannelHandlerContext.java:366)
at io.netty.channel.AbstractChannelHandlerContext.invokeChannelRead(AbstractChannelHandlerContext.java:352)
at io.netty.channel.AbstractChannelHandlerContext.fireChannelRead(AbstractChannelHandlerContext.java:345)
at io.netty.channel.CombinedChannelDuplexHandler$DelegatingChannelHandlerContext.fireChannelRead(CombinedChannelDuplexHandler.java:435)
at io.netty.handler.codec.ByteToMessageDecoder.fireChannelRead(ByteToMessageDecoder.java:293)
at io.netty.handler.codec.ByteToMessageDecoder.channelRead(ByteToMessageDecoder.java:267)
at io.netty.channel.CombinedChannelDuplexHandler.channelRead(CombinedChannelDuplexHandler.java:250)
at io.netty.channel.AbstractChannelHandlerContext.invokeChannelRead(AbstractChannelHandlerContext.java:366)
at io.netty.channel.AbstractChannelHandlerContext.invokeChannelRead(AbstractChannelHandlerContext.java:352)
at io.netty.channel.AbstractChannelHandlerContext.fireChannelRead(AbstractChannelHandlerContext.java:345)
at io.netty.channel.DefaultChannelPipeline$HeadContext.channelRead(DefaultChannelPipeline.java:1294)
at io.netty.channel.AbstractChannelHandlerContext.invokeChannelRead(AbstractChannelHandlerContext.java:366)
at io.netty.channel.AbstractChannelHandlerContext.invokeChannelRead(AbstractChannelHandlerContext.java:352)
at io.netty.channel.DefaultChannelPipeline.fireChannelRead(DefaultChannelPipeline.java:911)
at io.netty.channel.nio.AbstractNioByteChannel$NioByteUnsafe.read(AbstractNioByteChannel.java:131)
at io.netty.channel.nio.NioEventLoop.processSelectedKey(NioEventLoop.java:611)
at io.netty.channel.nio.NioEventLoop.processSelectedKeysOptimized(NioEventLoop.java:552)
at io.netty.channel.nio.NioEventLoop.processSelectedKeys(NioEventLoop.java:466)
at io.netty.channel.nio.NioEventLoop.run(NioEventLoop.java:438)
at io.netty.util.concurrent.SingleThreadEventExecutor$2.run(SingleThreadEventExecutor.java:140)
at io.netty.util.concurrent.DefaultThreadFactory$DefaultRunnableDecorator.run(DefaultThreadFactory.java:144)
at java.lang.Thread.run(Thread.java:764)
Caused by: org.jdom2.input.JDOMParseException: Error in building: Ill-formed XML document (multiple root elements detected)
at org.jdom2.input.sax.SAXBuilderEngine.build(SAXBuilderEngine.java:236)
at org.jdom2.input.sax.SAXBuilderEngine.build(SAXBuilderEngine.java:253)
at org.jdom2.input.SAXBuilder.build(SAXBuilder.java:1091)
at io.appium.uiautomator2.core.AccessibilityNodeInfoDumper.findNodes(AccessibilityNodeInfoDumper.java:213)
... 33 more
Caused by: org.xml.sax.SAXException: Ill-formed XML document (multiple root elements detected)
at org.jdom2.input.sax.SAXHandler.getCurrentElement(SAXHandler.java:1134)
at org.jdom2.input.sax.SAXHandler.flushCharacters(SAXHandler.java:841)
at org.jdom2.input.sax.SAXHandler.flushCharacters(SAXHandler.java:806)
at org.jdom2.input.sax.SAXHandler.endElement(SAXHandler.java:869)
at org.apache.harmony.xml.ExpatParser.endElement(ExpatParser.java:156)
at org.apache.harmony.xml.ExpatParser.appendBytes(Native Method)
at org.apache.harmony.xml.ExpatParser.parseFragment(ExpatParser.java:513)
at org.apache.harmony.xml.ExpatParser.parseDocument(ExpatParser.java:474)
at org.apache.harmony.xml.ExpatReader.parse(ExpatReader.java:316)
at org.apache.harmony.xml.ExpatReader.parse(ExpatReader.java:279)
at org.jdom2.input.sax.SAXBuilderEngine.build(SAXBuilderEngine.java:217)
... 36 more

Build info: version: '3.141.59', revision: 'e82be7d358', time: '2018-11-14T08:17:03'
System info: host: 'WLPT761', ip: '172.16.40.185', os.name: 'Windows 10', os.arch: 'amd64', os.version: '10.0', java.version: '1.8.0_261'
Driver info: io.appium.java_client.android.AndroidDriver
Capabilities {appActivity: com.ooredoo.selfcare.Ooredoo, appPackage: com.ooredoo.selfcare, autoGrantPermissions: true, autoWebView: true, automationName: UiAutomator2, databaseEnabled: false, desired: {appActivity: com.ooredoo.selfcare.Ooredoo, appPackage: com.ooredoo.selfcare, autoGrantPermissions: true, autoWebView: true, automationName: UiAutomator2, deviceName: uiautomatorviewer, maxInstances: 3, name:  OM Sample Test, noReset: true, platformName: android, udid: 520074b4ee426523}, deviceApiLevel: 27, deviceManufacturer: OPPO, deviceModel: CPH1909, deviceName: 520074b4ee426523, deviceScreenDensity: 320, deviceScreenSize: 720x1520, deviceUDID: 520074b4ee426523, javascriptEnabled: true, locationContextEnabled: false, maxInstances: 3, name:  OM Sample Test, networkConnectionEnabled: true, noReset: true, pixelRatio: 2, platform: LINUX, platformName: Android, platformVersion: 8.1.0, statBarHeight: 56, takesScreenshot: true, udid: 520074b4ee426523, viewportRect: {height: 1368, left: 0, top: 56, width: 720}, warnings: {}, webStorageEnabled: false}
Session ID: c80f95a6-30bf-4dac-a3cb-5f73702593b4
*** Element info: {Using=xpath, value=//android.widget.TextView[contains(@resource-id,'com.ooredoo.selfcare:id/tv_Title')]}
at sun.reflect.NativeConstructorAccessorImpl.newInstance0(Native Method)
at sun.reflect.NativeConstructorAccessorImpl.newInstance(Unknown Source)
at sun.reflect.DelegatingConstructorAccessorImpl.newInstance(Unknown Source)
at java.lang.reflect.Constructor.newInstance(Unknown Source)
at org.openqa.selenium.remote.http.W3CHttpResponseCodec.createException(W3CHttpResponseCodec.java:187)
at org.openqa.selenium.remote.http.W3CHttpResponseCodec.decode(W3CHttpResponseCodec.java:122)
at org.openqa.selenium.remote.http.W3CHttpResponseCodec.decode(W3CHttpResponseCodec.java:49)
at org.openqa.selenium.remote.HttpCommandExecutor.execute(HttpCommandExecutor.java:158)
at io.appium.java_client.remote.AppiumCommandExecutor.execute(AppiumCommandExecutor.java:239)
at org.openqa.selenium.remote.RemoteWebDriver.execute(RemoteWebDriver.java:552)
at io.appium.java_client.DefaultGenericMobileDriver.execute(DefaultGenericMobileDriver.java:42)
at io.appium.java_client.AppiumDriver.execute(AppiumDriver.java:1)
at io.appium.java_client.android.AndroidDriver.execute(AndroidDriver.java:1)
at org.openqa.selenium.remote.RemoteWebDriver.findElements(RemoteWebDriver.java:353)
at io.appium.java_client.DefaultGenericMobileDriver.findElements(DefaultGenericMobileDriver.java:54)
at io.appium.java_client.AppiumDriver.findElements(AppiumDriver.java:152)
at org.openqa.selenium.remote.RemoteWebDriver.findElementsByXPath(RemoteWebDriver.java:432)
at io.appium.java_client.DefaultGenericMobileDriver.findElementsByXPath(DefaultGenericMobileDriver.java:156)
at io.appium.java_client.AppiumDriver.findElementsByXPath(AppiumDriver.java:184)
at org.openqa.selenium.By$ByXPath.findElements(By.java:348)
at org.openqa.selenium.remote.RemoteWebDriver.findElements(RemoteWebDriver.java:311)
at io.appium.java_client.DefaultGenericMobileDriver.findElements(DefaultGenericMobileDriver.java:50)
at io.appium.java_client.AppiumDriver.findElements(AppiumDriver.java:148)
at AndroidAppiumAuto.ByDeclarations.AppSameList(ByDeclarations.java:186)
at AndroidAppiumAuto.CommonMethods.RedeemPoints(CommonMethods.java:981)
at AndroidAppiumAuto.AppActivity_Group2.VIPRedeemPoints(AppActivity_Group2.java:285)
at sun.reflect.NativeMethodAccessorImpl.invoke0(Native Method)
at sun.reflect.NativeMethodAccessorImpl.invoke(Unknown Source)
at sun.reflect.DelegatingMethodAccessorImpl.invoke(Unknown Source)
at java.lang.reflect.Method.invoke(Unknown Source)
at org.testng.internal.MethodInvocationHelper.invokeMethod(MethodInvocationHelper.java:124)
at org.testng.internal.Invoker.invokeMethod(Invoker.java:583)
at org.testng.internal.Invoker.invokeTestMethod(Invoker.java:719)
at org.testng.internal.Invoker.invokeTestMethods(Invoker.java:989)
at org.testng.internal.TestMethodWorker.invokeTestMethods(TestMethodWorker.java:125)
at org.testng.internal.TestMethodWorker.run(TestMethodWorker.java:109)
at org.testng.TestRunner.privateRun(TestRunner.java:648)
at org.testng.TestRunner.run(TestRunner.java:505)
at org.testng.SuiteRunner.runTest(SuiteRunner.java:455)
at org.testng.SuiteRunner.access$000(SuiteRunner.java:40)
at org.testng.SuiteRunner$SuiteWorker.run(SuiteRunner.java:489)
at org.testng.internal.thread.ThreadUtil$1.call(ThreadUtil.java:52)
at java.util.concurrent.FutureTask.run(Unknown Source)
at java.util.concurrent.ThreadPoolExecutor.runWorker(Unknown Source)
at java.util.concurrent.ThreadPoolExecutor$Worker.run(Unknown Source)
at java.lang.Thread.run(Unknown Source)
]]>
    </error>
  </testcase> <!-- VIPRedeemPoints -->
  <testcase name="VIPMyDiscounts" time="4.411" classname="AndroidAppiumAuto.AppActivity_Group2">
    <error type="org.openqa.selenium.WebDriverException" message="An unknown server-side error occurred while processing the command. Original error: io.appium.uiautomator2.common.exceptions.UiAutomator2Exception: Error in building: Ill-formed XML document (missing opening tag for hierarchy). Try changing the &#039;normalizeTagNames&#039; driver setting to &#039;true&#039; in order to workaround the problem.
	at io.appium.uiautomator2.core.AccessibilityNodeInfoDumper.findNodes(AccessibilityNodeInfoDumper.java:233)
	at io.appium.uiautomator2.utils.ElementLocationHelpers.getXPathNodeMatch(ElementLocationHelpers.java:71)
	at io.appium.uiautomator2.handler.FindElements.findElements(FindElements.java:117)
	at io.appium.uiautomator2.handler.FindElements.safeHandle(FindElements.java:81)
	at io.appium.uiautomator2.handler.request.SafeRequestHandler.handle(SafeRequestHandler.java:37)
	at io.appium.uiautomator2.server.AppiumServlet.handleRequest(AppiumServlet.java:252)
	at io.appium.uiautomator2.server.AppiumServlet.handleHttpRequest(AppiumServlet.java:243)
	at io.appium.uiautomator2.http.ServerHandler.channelRead(ServerHandler.java:44)
	at io.netty.channel.AbstractChannelHandlerContext.invokeChannelRead(AbstractChannelHandlerContext.java:366)
	at io.netty.channel.AbstractChannelHandlerContext.invokeChannelRead(AbstractChannelHandlerContext.java:352)
	at io.netty.channel.AbstractChannelHandlerContext.fireChannelRead(AbstractChannelHandlerContext.java:345)
	at io.netty.handler.codec.MessageToMessageDecoder.channelRead(MessageToMessageDecoder.java:102)
	at io.netty.channel.AbstractChannelHandlerContext.invokeChannelRead(AbstractChannelHandlerContext.java:366)
	at io.netty.channel.AbstractChannelHandlerContext.invokeChannelRead(AbstractChannelHandlerContext.java:352)
	at io.netty.channel.AbstractChannelHandlerContext.fireChannelRead(AbstractChannelHandlerContext.java:345)
	at io.netty.channel.CombinedChannelDuplexHandler$DelegatingChannelHandlerContext.fireChannelRead(CombinedChannelDuplexHandler.java:435)
	at io.netty.handler.codec.ByteToMessageDecoder.fireChannelRead(ByteToMessageDecoder.java:293)
	at io.netty.handler.codec.ByteToMessageDecoder.channelRead(ByteToMessageDecoder.java:267)
	at io.netty.channel.CombinedChannelDuplexHandler.channelRead(CombinedChannelDuplexHandler.java:250)
	at io.netty.channel.AbstractChannelHandlerContext.invokeChannelRead(AbstractChannelHandlerContext.java:366)
	at io.netty.channel.AbstractChannelHandlerContext.invokeChannelRead(AbstractChannelHandlerContext.java:352)
	at io.netty.channel.AbstractChannelHandlerContext.fireChannelRead(AbstractChannelHandlerContext.java:345)
	at io.netty.channel.DefaultChannelPipeline$HeadContext.channelRead(DefaultChannelPipeline.java:1294)
	at io.netty.channel.AbstractChannelHandlerContext.invokeChannelRead(AbstractChannelHandlerContext.java:366)
	at io.netty.channel.AbstractChannelHandlerContext.invokeChannelRead(AbstractChannelHandlerContext.java:352)
	at io.netty.channel.DefaultChannelPipeline.fireChannelRead(DefaultChannelPipeline.java:911)
	at io.netty.channel.nio.AbstractNioByteChannel$NioByteUnsafe.read(AbstractNioByteChannel.java:131)
	at io.netty.channel.nio.NioEventLoop.processSelectedKey(NioEventLoop.java:611)
	at io.netty.channel.nio.NioEventLoop.processSelectedKeysOptimized(NioEventLoop.java:552)
	at io.netty.channel.nio.NioEventLoop.processSelectedKeys(NioEventLoop.java:466)
	at io.netty.channel.nio.NioEventLoop.run(NioEventLoop.java:438)
	at io.netty.util.concurrent.SingleThreadEventExecutor$2.run(SingleThreadEventExecutor.java:140)
	at io.netty.util.concurrent.DefaultThreadFactory$DefaultRunnableDecorator.run(DefaultThreadFactory.java:144)
	at java.lang.Thread.run(Thread.java:764)
Caused by: org.jdom2.input.JDOMParseException: Error in building: Ill-formed XML document (missing opening tag for hierarchy)
	at org.jdom2.input.sax.SAXBuilderEngine.build(SAXBuilderEngine.java:236)
	at org.jdom2.input.sax.SAXBuilderEngine.build(SAXBuilderEngine.java:253)
	at org.jdom2.input.SAXBuilder.build(SAXBuilder.java:1091)
	at io.appium.uiautomator2.core.AccessibilityNodeInfoDumper.findNodes(AccessibilityNodeInfoDumper.java:213)
	... 33 more
Caused by: org.xml.sax.SAXException: Ill-formed XML document (missing opening tag for hierarchy)
	at org.jdom2.input.sax.SAXHandler.endElement(SAXHandler.java:879)
	at org.apache.harmony.xml.ExpatParser.endElement(ExpatParser.java:156)
	at org.apache.harmony.xml.ExpatParser.appendBytes(Native Method)
	at org.apache.harmony.xml.ExpatParser.parseFragment(ExpatParser.java:513)
	at org.apache.harmony.xml.ExpatParser.parseDocument(ExpatParser.java:474)
	at org.apache.harmony.xml.ExpatReader.parse(ExpatReader.java:316)
	at org.apache.harmony.xml.ExpatReader.parse(ExpatReader.java:279)
	at org.jdom2.input.sax.SAXBuilderEngine.build(SAXBuilderEngine.java:217)
	... 36 more

Build info: version: &#039;3.141.59&#039;, revision: &#039;e82be7d358&#039;, time: &#039;2018-11-14T08:17:03&#039;
System info: host: &#039;WLPT761&#039;, ip: &#039;172.16.40.185&#039;, os.name: &#039;Windows 10&#039;, os.arch: &#039;amd64&#039;, os.version: &#039;10.0&#039;, java.version: &#039;1.8.0_261&#039;
Driver info: io.appium.java_client.android.AndroidDriver
Capabilities {appActivity: com.ooredoo.selfcare.Ooredoo, appPackage: com.ooredoo.selfcare, autoGrantPermissions: true, autoWebView: true, automationName: UiAutomator2, databaseEnabled: false, desired: {appActivity: com.ooredoo.selfcare.Ooredoo, appPackage: com.ooredoo.selfcare, autoGrantPermissions: true, autoWebView: true, automationName: UiAutomator2, deviceName: uiautomatorviewer, maxInstances: 3, name:  OM Sample Test, noReset: true, platformName: android, udid: 520074b4ee426523}, deviceApiLevel: 27, deviceManufacturer: OPPO, deviceModel: CPH1909, deviceName: 520074b4ee426523, deviceScreenDensity: 320, deviceScreenSize: 720x1520, deviceUDID: 520074b4ee426523, javascriptEnabled: true, locationContextEnabled: false, maxInstances: 3, name:  OM Sample Test, networkConnectionEnabled: true, noReset: true, pixelRatio: 2, platform: LINUX, platformName: Android, platformVersion: 8.1.0, statBarHeight: 56, takesScreenshot: true, udid: 520074b4ee426523, viewportRect: {height: 1368, left: 0, top: 56, width: 720}, warnings: {}, webStorageEnabled: false}
Session ID: c80f95a6-30bf-4dac-a3cb-5f73702593b4
*** Element info: {Using=xpath, value=//android.widget.TextView[contains(@resource-id,&#039;com.ooredoo.selfcare:id/tv_Title&#039;)]}">
      <![CDATA[org.openqa.selenium.WebDriverException: An unknown server-side error occurred while processing the command. Original error: io.appium.uiautomator2.common.exceptions.UiAutomator2Exception: Error in building: Ill-formed XML document (missing opening tag for hierarchy). Try changing the 'normalizeTagNames' driver setting to 'true' in order to workaround the problem.
at io.appium.uiautomator2.core.AccessibilityNodeInfoDumper.findNodes(AccessibilityNodeInfoDumper.java:233)
at io.appium.uiautomator2.utils.ElementLocationHelpers.getXPathNodeMatch(ElementLocationHelpers.java:71)
at io.appium.uiautomator2.handler.FindElements.findElements(FindElements.java:117)
at io.appium.uiautomator2.handler.FindElements.safeHandle(FindElements.java:81)
at io.appium.uiautomator2.handler.request.SafeRequestHandler.handle(SafeRequestHandler.java:37)
at io.appium.uiautomator2.server.AppiumServlet.handleRequest(AppiumServlet.java:252)
at io.appium.uiautomator2.server.AppiumServlet.handleHttpRequest(AppiumServlet.java:243)
at io.appium.uiautomator2.http.ServerHandler.channelRead(ServerHandler.java:44)
at io.netty.channel.AbstractChannelHandlerContext.invokeChannelRead(AbstractChannelHandlerContext.java:366)
at io.netty.channel.AbstractChannelHandlerContext.invokeChannelRead(AbstractChannelHandlerContext.java:352)
at io.netty.channel.AbstractChannelHandlerContext.fireChannelRead(AbstractChannelHandlerContext.java:345)
at io.netty.handler.codec.MessageToMessageDecoder.channelRead(MessageToMessageDecoder.java:102)
at io.netty.channel.AbstractChannelHandlerContext.invokeChannelRead(AbstractChannelHandlerContext.java:366)
at io.netty.channel.AbstractChannelHandlerContext.invokeChannelRead(AbstractChannelHandlerContext.java:352)
at io.netty.channel.AbstractChannelHandlerContext.fireChannelRead(AbstractChannelHandlerContext.java:345)
at io.netty.channel.CombinedChannelDuplexHandler$DelegatingChannelHandlerContext.fireChannelRead(CombinedChannelDuplexHandler.java:435)
at io.netty.handler.codec.ByteToMessageDecoder.fireChannelRead(ByteToMessageDecoder.java:293)
at io.netty.handler.codec.ByteToMessageDecoder.channelRead(ByteToMessageDecoder.java:267)
at io.netty.channel.CombinedChannelDuplexHandler.channelRead(CombinedChannelDuplexHandler.java:250)
at io.netty.channel.AbstractChannelHandlerContext.invokeChannelRead(AbstractChannelHandlerContext.java:366)
at io.netty.channel.AbstractChannelHandlerContext.invokeChannelRead(AbstractChannelHandlerContext.java:352)
at io.netty.channel.AbstractChannelHandlerContext.fireChannelRead(AbstractChannelHandlerContext.java:345)
at io.netty.channel.DefaultChannelPipeline$HeadContext.channelRead(DefaultChannelPipeline.java:1294)
at io.netty.channel.AbstractChannelHandlerContext.invokeChannelRead(AbstractChannelHandlerContext.java:366)
at io.netty.channel.AbstractChannelHandlerContext.invokeChannelRead(AbstractChannelHandlerContext.java:352)
at io.netty.channel.DefaultChannelPipeline.fireChannelRead(DefaultChannelPipeline.java:911)
at io.netty.channel.nio.AbstractNioByteChannel$NioByteUnsafe.read(AbstractNioByteChannel.java:131)
at io.netty.channel.nio.NioEventLoop.processSelectedKey(NioEventLoop.java:611)
at io.netty.channel.nio.NioEventLoop.processSelectedKeysOptimized(NioEventLoop.java:552)
at io.netty.channel.nio.NioEventLoop.processSelectedKeys(NioEventLoop.java:466)
at io.netty.channel.nio.NioEventLoop.run(NioEventLoop.java:438)
at io.netty.util.concurrent.SingleThreadEventExecutor$2.run(SingleThreadEventExecutor.java:140)
at io.netty.util.concurrent.DefaultThreadFactory$DefaultRunnableDecorator.run(DefaultThreadFactory.java:144)
at java.lang.Thread.run(Thread.java:764)
Caused by: org.jdom2.input.JDOMParseException: Error in building: Ill-formed XML document (missing opening tag for hierarchy)
at org.jdom2.input.sax.SAXBuilderEngine.build(SAXBuilderEngine.java:236)
at org.jdom2.input.sax.SAXBuilderEngine.build(SAXBuilderEngine.java:253)
at org.jdom2.input.SAXBuilder.build(SAXBuilder.java:1091)
at io.appium.uiautomator2.core.AccessibilityNodeInfoDumper.findNodes(AccessibilityNodeInfoDumper.java:213)
... 33 more
Caused by: org.xml.sax.SAXException: Ill-formed XML document (missing opening tag for hierarchy)
at org.jdom2.input.sax.SAXHandler.endElement(SAXHandler.java:879)
at org.apache.harmony.xml.ExpatParser.endElement(ExpatParser.java:156)
at org.apache.harmony.xml.ExpatParser.appendBytes(Native Method)
at org.apache.harmony.xml.ExpatParser.parseFragment(ExpatParser.java:513)
at org.apache.harmony.xml.ExpatParser.parseDocument(ExpatParser.java:474)
at org.apache.harmony.xml.ExpatReader.parse(ExpatReader.java:316)
at org.apache.harmony.xml.ExpatReader.parse(ExpatReader.java:279)
at org.jdom2.input.sax.SAXBuilderEngine.build(SAXBuilderEngine.java:217)
... 36 more

Build info: version: '3.141.59', revision: 'e82be7d358', time: '2018-11-14T08:17:03'
System info: host: 'WLPT761', ip: '172.16.40.185', os.name: 'Windows 10', os.arch: 'amd64', os.version: '10.0', java.version: '1.8.0_261'
Driver info: io.appium.java_client.android.AndroidDriver
Capabilities {appActivity: com.ooredoo.selfcare.Ooredoo, appPackage: com.ooredoo.selfcare, autoGrantPermissions: true, autoWebView: true, automationName: UiAutomator2, databaseEnabled: false, desired: {appActivity: com.ooredoo.selfcare.Ooredoo, appPackage: com.ooredoo.selfcare, autoGrantPermissions: true, autoWebView: true, automationName: UiAutomator2, deviceName: uiautomatorviewer, maxInstances: 3, name:  OM Sample Test, noReset: true, platformName: android, udid: 520074b4ee426523}, deviceApiLevel: 27, deviceManufacturer: OPPO, deviceModel: CPH1909, deviceName: 520074b4ee426523, deviceScreenDensity: 320, deviceScreenSize: 720x1520, deviceUDID: 520074b4ee426523, javascriptEnabled: true, locationContextEnabled: false, maxInstances: 3, name:  OM Sample Test, networkConnectionEnabled: true, noReset: true, pixelRatio: 2, platform: LINUX, platformName: Android, platformVersion: 8.1.0, statBarHeight: 56, takesScreenshot: true, udid: 520074b4ee426523, viewportRect: {height: 1368, left: 0, top: 56, width: 720}, warnings: {}, webStorageEnabled: false}
Session ID: c80f95a6-30bf-4dac-a3cb-5f73702593b4
*** Element info: {Using=xpath, value=//android.widget.TextView[contains(@resource-id,'com.ooredoo.selfcare:id/tv_Title')]}
at sun.reflect.NativeConstructorAccessorImpl.newInstance0(Native Method)
at sun.reflect.NativeConstructorAccessorImpl.newInstance(Unknown Source)
at sun.reflect.DelegatingConstructorAccessorImpl.newInstance(Unknown Source)
at java.lang.reflect.Constructor.newInstance(Unknown Source)
at org.openqa.selenium.remote.http.W3CHttpResponseCodec.createException(W3CHttpResponseCodec.java:187)
at org.openqa.selenium.remote.http.W3CHttpResponseCodec.decode(W3CHttpResponseCodec.java:122)
at org.openqa.selenium.remote.http.W3CHttpResponseCodec.decode(W3CHttpResponseCodec.java:49)
at org.openqa.selenium.remote.HttpCommandExecutor.execute(HttpCommandExecutor.java:158)
at io.appium.java_client.remote.AppiumCommandExecutor.execute(AppiumCommandExecutor.java:239)
at org.openqa.selenium.remote.RemoteWebDriver.execute(RemoteWebDriver.java:552)
at io.appium.java_client.DefaultGenericMobileDriver.execute(DefaultGenericMobileDriver.java:42)
at io.appium.java_client.AppiumDriver.execute(AppiumDriver.java:1)
at io.appium.java_client.android.AndroidDriver.execute(AndroidDriver.java:1)
at org.openqa.selenium.remote.RemoteWebDriver.findElements(RemoteWebDriver.java:353)
at io.appium.java_client.DefaultGenericMobileDriver.findElements(DefaultGenericMobileDriver.java:54)
at io.appium.java_client.AppiumDriver.findElements(AppiumDriver.java:152)
at org.openqa.selenium.remote.RemoteWebDriver.findElementsByXPath(RemoteWebDriver.java:432)
at io.appium.java_client.DefaultGenericMobileDriver.findElementsByXPath(DefaultGenericMobileDriver.java:156)
at io.appium.java_client.AppiumDriver.findElementsByXPath(AppiumDriver.java:184)
at org.openqa.selenium.By$ByXPath.findElements(By.java:348)
at org.openqa.selenium.remote.RemoteWebDriver.findElements(RemoteWebDriver.java:311)
at io.appium.java_client.DefaultGenericMobileDriver.findElements(DefaultGenericMobileDriver.java:50)
at io.appium.java_client.AppiumDriver.findElements(AppiumDriver.java:148)
at AndroidAppiumAuto.ByDeclarations.AppSameList(ByDeclarations.java:186)
at AndroidAppiumAuto.CommonMethods.MyDiscounts(CommonMethods.java:1168)
at AndroidAppiumAuto.AppActivity_Group2.VIPMyDiscounts(AppActivity_Group2.java:293)
at sun.reflect.NativeMethodAccessorImpl.invoke0(Native Method)
at sun.reflect.NativeMethodAccessorImpl.invoke(Unknown Source)
at sun.reflect.DelegatingMethodAccessorImpl.invoke(Unknown Source)
at java.lang.reflect.Method.invoke(Unknown Source)
at org.testng.internal.MethodInvocationHelper.invokeMethod(MethodInvocationHelper.java:124)
at org.testng.internal.Invoker.invokeMethod(Invoker.java:583)
at org.testng.internal.Invoker.invokeTestMethod(Invoker.java:719)
at org.testng.internal.Invoker.invokeTestMethods(Invoker.java:989)
at org.testng.internal.TestMethodWorker.invokeTestMethods(TestMethodWorker.java:125)
at org.testng.internal.TestMethodWorker.run(TestMethodWorker.java:109)
at org.testng.TestRunner.privateRun(TestRunner.java:648)
at org.testng.TestRunner.run(TestRunner.java:505)
at org.testng.SuiteRunner.runTest(SuiteRunner.java:455)
at org.testng.SuiteRunner.access$000(SuiteRunner.java:40)
at org.testng.SuiteRunner$SuiteWorker.run(SuiteRunner.java:489)
at org.testng.internal.thread.ThreadUtil$1.call(ThreadUtil.java:52)
at java.util.concurrent.FutureTask.run(Unknown Source)
at java.util.concurrent.ThreadPoolExecutor.runWorker(Unknown Source)
at java.util.concurrent.ThreadPoolExecutor$Worker.run(Unknown Source)
at java.lang.Thread.run(Unknown Source)
]]>
    </error>
  </testcase> <!-- VIPMyDiscounts -->
  <testcase name="VIPMyPoints" time="4.434" classname="AndroidAppiumAuto.AppActivity_Group2">
    <error type="org.openqa.selenium.NoSuchElementException" message="An element could not be located on the page using the given search parameters.
For documentation on this error, please visit: https://www.seleniumhq.org/exceptions/no_such_element.html
Build info: version: &#039;3.141.59&#039;, revision: &#039;e82be7d358&#039;, time: &#039;2018-11-14T08:17:03&#039;
System info: host: &#039;WLPT761&#039;, ip: &#039;172.16.40.185&#039;, os.name: &#039;Windows 10&#039;, os.arch: &#039;amd64&#039;, os.version: &#039;10.0&#039;, java.version: &#039;1.8.0_261&#039;
Driver info: io.appium.java_client.android.AndroidDriver
Capabilities {appActivity: com.ooredoo.selfcare.Ooredoo, appPackage: com.ooredoo.selfcare, autoGrantPermissions: true, autoWebView: true, automationName: UiAutomator2, databaseEnabled: false, desired: {appActivity: com.ooredoo.selfcare.Ooredoo, appPackage: com.ooredoo.selfcare, autoGrantPermissions: true, autoWebView: true, automationName: UiAutomator2, deviceName: uiautomatorviewer, maxInstances: 3, name:  OM Sample Test, noReset: true, platformName: android, udid: 520074b4ee426523}, deviceApiLevel: 27, deviceManufacturer: OPPO, deviceModel: CPH1909, deviceName: 520074b4ee426523, deviceScreenDensity: 320, deviceScreenSize: 720x1520, deviceUDID: 520074b4ee426523, javascriptEnabled: true, locationContextEnabled: false, maxInstances: 3, name:  OM Sample Test, networkConnectionEnabled: true, noReset: true, pixelRatio: 2, platform: LINUX, platformName: Android, platformVersion: 8.1.0, statBarHeight: 56, takesScreenshot: true, udid: 520074b4ee426523, viewportRect: {height: 1368, left: 0, top: 56, width: 720}, warnings: {}, webStorageEnabled: false}
Session ID: c80f95a6-30bf-4dac-a3cb-5f73702593b4
*** Element info: {Using=xpath, value=//android.widget.TextView[contains(@resource-id,&#039;com.ooredoo.selfcare:id/tv_Title&#039;)]}">
      <![CDATA[org.openqa.selenium.NoSuchElementException: An element could not be located on the page using the given search parameters.
For documentation on this error, please visit: https://www.seleniumhq.org/exceptions/no_such_element.html
Build info: version: '3.141.59', revision: 'e82be7d358', time: '2018-11-14T08:17:03'
System info: host: 'WLPT761', ip: '172.16.40.185', os.name: 'Windows 10', os.arch: 'amd64', os.version: '10.0', java.version: '1.8.0_261'
Driver info: io.appium.java_client.android.AndroidDriver
Capabilities {appActivity: com.ooredoo.selfcare.Ooredoo, appPackage: com.ooredoo.selfcare, autoGrantPermissions: true, autoWebView: true, automationName: UiAutomator2, databaseEnabled: false, desired: {appActivity: com.ooredoo.selfcare.Ooredoo, appPackage: com.ooredoo.selfcare, autoGrantPermissions: true, autoWebView: true, automationName: UiAutomator2, deviceName: uiautomatorviewer, maxInstances: 3, name:  OM Sample Test, noReset: true, platformName: android, udid: 520074b4ee426523}, deviceApiLevel: 27, deviceManufacturer: OPPO, deviceModel: CPH1909, deviceName: 520074b4ee426523, deviceScreenDensity: 320, deviceScreenSize: 720x1520, deviceUDID: 520074b4ee426523, javascriptEnabled: true, locationContextEnabled: false, maxInstances: 3, name:  OM Sample Test, networkConnectionEnabled: true, noReset: true, pixelRatio: 2, platform: LINUX, platformName: Android, platformVersion: 8.1.0, statBarHeight: 56, takesScreenshot: true, udid: 520074b4ee426523, viewportRect: {height: 1368, left: 0, top: 56, width: 720}, warnings: {}, webStorageEnabled: false}
Session ID: c80f95a6-30bf-4dac-a3cb-5f73702593b4
*** Element info: {Using=xpath, value=//android.widget.TextView[contains(@resource-id,'com.ooredoo.selfcare:id/tv_Title')]}
at sun.reflect.NativeConstructorAccessorImpl.newInstance0(Native Method)
at sun.reflect.NativeConstructorAccessorImpl.newInstance(Unknown Source)
at sun.reflect.DelegatingConstructorAccessorImpl.newInstance(Unknown Source)
at java.lang.reflect.Constructor.newInstance(Unknown Source)
at org.openqa.selenium.remote.http.W3CHttpResponseCodec.createException(W3CHttpResponseCodec.java:187)
at org.openqa.selenium.remote.http.W3CHttpResponseCodec.decode(W3CHttpResponseCodec.java:122)
at org.openqa.selenium.remote.http.W3CHttpResponseCodec.decode(W3CHttpResponseCodec.java:49)
at org.openqa.selenium.remote.HttpCommandExecutor.execute(HttpCommandExecutor.java:158)
at io.appium.java_client.remote.AppiumCommandExecutor.execute(AppiumCommandExecutor.java:239)
at org.openqa.selenium.remote.RemoteWebDriver.execute(RemoteWebDriver.java:552)
at io.appium.java_client.DefaultGenericMobileDriver.execute(DefaultGenericMobileDriver.java:42)
at io.appium.java_client.AppiumDriver.execute(AppiumDriver.java:1)
at io.appium.java_client.android.AndroidDriver.execute(AndroidDriver.java:1)
at org.openqa.selenium.remote.RemoteWebDriver.findElement(RemoteWebDriver.java:323)
at io.appium.java_client.DefaultGenericMobileDriver.findElement(DefaultGenericMobileDriver.java:62)
at io.appium.java_client.AppiumDriver.findElement(AppiumDriver.java:1)
at io.appium.java_client.android.AndroidDriver.findElement(AndroidDriver.java:1)
at org.openqa.selenium.remote.RemoteWebDriver.findElementByXPath(RemoteWebDriver.java:428)
at io.appium.java_client.DefaultGenericMobileDriver.findElementByXPath(DefaultGenericMobileDriver.java:152)
at io.appium.java_client.AppiumDriver.findElementByXPath(AppiumDriver.java:1)
at io.appium.java_client.android.AndroidDriver.findElementByXPath(AndroidDriver.java:1)
at org.openqa.selenium.By$ByXPath.findElement(By.java:353)
at org.openqa.selenium.remote.RemoteWebDriver.findElement(RemoteWebDriver.java:315)
at io.appium.java_client.DefaultGenericMobileDriver.findElement(DefaultGenericMobileDriver.java:58)
at io.appium.java_client.AppiumDriver.findElement(AppiumDriver.java:1)
at io.appium.java_client.android.AndroidDriver.findElement(AndroidDriver.java:1)
at AndroidAppiumAuto.ByDeclarations.AppSameList(ByDeclarations.java:187)
at AndroidAppiumAuto.CommonMethods.MyPoints(CommonMethods.java:1206)
at AndroidAppiumAuto.AppActivity_Group2.VIPMyPoints(AppActivity_Group2.java:301)
at sun.reflect.NativeMethodAccessorImpl.invoke0(Native Method)
at sun.reflect.NativeMethodAccessorImpl.invoke(Unknown Source)
at sun.reflect.DelegatingMethodAccessorImpl.invoke(Unknown Source)
at java.lang.reflect.Method.invoke(Unknown Source)
at org.testng.internal.MethodInvocationHelper.invokeMethod(MethodInvocationHelper.java:124)
at org.testng.internal.Invoker.invokeMethod(Invoker.java:583)
at org.testng.internal.Invoker.invokeTestMethod(Invoker.java:719)
at org.testng.internal.Invoker.invokeTestMethods(Invoker.java:989)
at org.testng.internal.TestMethodWorker.invokeTestMethods(TestMethodWorker.java:125)
at org.testng.internal.TestMethodWorker.run(TestMethodWorker.java:109)
at org.testng.TestRunner.privateRun(TestRunner.java:648)
at org.testng.TestRunner.run(TestRunner.java:505)
at org.testng.SuiteRunner.runTest(SuiteRunner.java:455)
at org.testng.SuiteRunner.access$000(SuiteRunner.java:40)
at org.testng.SuiteRunner$SuiteWorker.run(SuiteRunner.java:489)
at org.testng.internal.thread.ThreadUtil$1.call(ThreadUtil.java:52)
at java.util.concurrent.FutureTask.run(Unknown Source)
at java.util.concurrent.ThreadPoolExecutor.runWorker(Unknown Source)
at java.util.concurrent.ThreadPoolExecutor$Worker.run(Unknown Source)
at java.lang.Thread.run(Unknown Source)
]]>
    </error>
  </testcase> <!-- VIPMyPoints -->
  <testcase name="UpdateLocation" time="3.225" classname="AndroidAppiumAuto.AppActivity_Group2">
    <error type="AndroidAppiumAuto.exceptions.CustomException" message="The Element homebtton you are trying to click is failed , Please try again !">
      <![CDATA[AndroidAppiumAuto.exceptions.CustomException: The Element homebtton you are trying to click is failed , Please try again !
at AndroidAppiumAuto.CommonMethods.ClickEvents(CommonMethods.java:132)
at AndroidAppiumAuto.CommonMethods.updatelocation(CommonMethods.java:604)
at AndroidAppiumAuto.AppActivity_Group2.UpdateLocation(AppActivity_Group2.java:308)
at sun.reflect.NativeMethodAccessorImpl.invoke0(Native Method)
at sun.reflect.NativeMethodAccessorImpl.invoke(Unknown Source)
at sun.reflect.DelegatingMethodAccessorImpl.invoke(Unknown Source)
at java.lang.reflect.Method.invoke(Unknown Source)
at org.testng.internal.MethodInvocationHelper.invokeMethod(MethodInvocationHelper.java:124)
at org.testng.internal.Invoker.invokeMethod(Invoker.java:583)
at org.testng.internal.Invoker.invokeTestMethod(Invoker.java:719)
at org.testng.internal.Invoker.invokeTestMethods(Invoker.java:989)
at org.testng.internal.TestMethodWorker.invokeTestMethods(TestMethodWorker.java:125)
at org.testng.internal.TestMethodWorker.run(TestMethodWorker.java:109)
at org.testng.TestRunner.privateRun(TestRunner.java:648)
at org.testng.TestRunner.run(TestRunner.java:505)
at org.testng.SuiteRunner.runTest(SuiteRunner.java:455)
at org.testng.SuiteRunner.access$000(SuiteRunner.java:40)
at org.testng.SuiteRunner$SuiteWorker.run(SuiteRunner.java:489)
at org.testng.internal.thread.ThreadUtil$1.call(ThreadUtil.java:52)
at java.util.concurrent.FutureTask.run(Unknown Source)
at java.util.concurrent.ThreadPoolExecutor.runWorker(Unknown Source)
at java.util.concurrent.ThreadPoolExecutor$Worker.run(Unknown Source)
at java.lang.Thread.run(Unknown Source)
]]>
    </error>
  </testcase> <!-- UpdateLocation -->
  <testcase name="VIPMyBenefits" time="8.724" classname="AndroidAppiumAuto.AppActivity_Group2">
    <error type="AndroidAppiumAuto.exceptions.CustomException" message="The Element HOME_USER_POINTS you are trying to click is failed , Please try again !">
      <![CDATA[AndroidAppiumAuto.exceptions.CustomException: The Element HOME_USER_POINTS you are trying to click is failed , Please try again !
at AndroidAppiumAuto.CommonMethods.ClickEvents(CommonMethods.java:132)
at AndroidAppiumAuto.CommonMethods.vipclickupdate(CommonMethods.java:951)
at AndroidAppiumAuto.CommonMethods.MyBenefits(CommonMethods.java:1297)
at AndroidAppiumAuto.AppActivity_Group2.VIPMyBenefits(AppActivity_Group2.java:325)
at sun.reflect.NativeMethodAccessorImpl.invoke0(Native Method)
at sun.reflect.NativeMethodAccessorImpl.invoke(Unknown Source)
at sun.reflect.DelegatingMethodAccessorImpl.invoke(Unknown Source)
at java.lang.reflect.Method.invoke(Unknown Source)
at org.testng.internal.MethodInvocationHelper.invokeMethod(MethodInvocationHelper.java:124)
at org.testng.internal.Invoker.invokeMethod(Invoker.java:583)
at org.testng.internal.Invoker.invokeTestMethod(Invoker.java:719)
at org.testng.internal.Invoker.invokeTestMethods(Invoker.java:989)
at org.testng.internal.TestMethodWorker.invokeTestMethods(TestMethodWorker.java:125)
at org.testng.internal.TestMethodWorker.run(TestMethodWorker.java:109)
at org.testng.TestRunner.privateRun(TestRunner.java:648)
at org.testng.TestRunner.run(TestRunner.java:505)
at org.testng.SuiteRunner.runTest(SuiteRunner.java:455)
at org.testng.SuiteRunner.access$000(SuiteRunner.java:40)
at org.testng.SuiteRunner$SuiteWorker.run(SuiteRunner.java:489)
at org.testng.internal.thread.ThreadUtil$1.call(ThreadUtil.java:52)
at java.util.concurrent.FutureTask.run(Unknown Source)
at java.util.concurrent.ThreadPoolExecutor.runWorker(Unknown Source)
at java.util.concurrent.ThreadPoolExecutor$Worker.run(Unknown Source)
at java.lang.Thread.run(Unknown Source)
]]>
    </error>
  </testcase> <!-- VIPMyBenefits -->
  <testcase name="VIP_Validation" time="1.307" classname="AndroidAppiumAuto.AppActivity_Group2"/>
  <testcase name="VIPProfileUpdate" time="2.051" classname="AndroidAppiumAuto.AppActivity_Group2">
    <error type="AndroidAppiumAuto.exceptions.CustomException" message="The Element homebtton you are trying to click is failed , Please try again !">
      <![CDATA[AndroidAppiumAuto.exceptions.CustomException: The Element homebtton you are trying to click is failed , Please try again !
at AndroidAppiumAuto.CommonMethods.ClickEvents(CommonMethods.java:132)
at AndroidAppiumAuto.AppActivity_Group2.VIPProfileUpdate(AppActivity_Group2.java:337)
at sun.reflect.NativeMethodAccessorImpl.invoke0(Native Method)
at sun.reflect.NativeMethodAccessorImpl.invoke(Unknown Source)
at sun.reflect.DelegatingMethodAccessorImpl.invoke(Unknown Source)
at java.lang.reflect.Method.invoke(Unknown Source)
at org.testng.internal.MethodInvocationHelper.invokeMethod(MethodInvocationHelper.java:124)
at org.testng.internal.Invoker.invokeMethod(Invoker.java:583)
at org.testng.internal.Invoker.invokeTestMethod(Invoker.java:719)
at org.testng.internal.Invoker.invokeTestMethods(Invoker.java:989)
at org.testng.internal.TestMethodWorker.invokeTestMethods(TestMethodWorker.java:125)
at org.testng.internal.TestMethodWorker.run(TestMethodWorker.java:109)
at org.testng.TestRunner.privateRun(TestRunner.java:648)
at org.testng.TestRunner.run(TestRunner.java:505)
at org.testng.SuiteRunner.runTest(SuiteRunner.java:455)
at org.testng.SuiteRunner.access$000(SuiteRunner.java:40)
at org.testng.SuiteRunner$SuiteWorker.run(SuiteRunner.java:489)
at org.testng.internal.thread.ThreadUtil$1.call(ThreadUtil.java:52)
at java.util.concurrent.FutureTask.run(Unknown Source)
at java.util.concurrent.ThreadPoolExecutor.runWorker(Unknown Source)
at java.util.concurrent.ThreadPoolExecutor$Worker.run(Unknown Source)
at java.lang.Thread.run(Unknown Source)
]]>
    </error>
  </testcase> <!-- VIPProfileUpdate -->
  <testcase name="BannerDet" time="1.384" classname="AndroidAppiumAuto.AppActivity_Group2">
    <error type="AndroidAppiumAuto.exceptions.CustomException" message="The Element homebtton you are trying to click is failed , Please try again !">
      <![CDATA[AndroidAppiumAuto.exceptions.CustomException: The Element homebtton you are trying to click is failed , Please try again !
at AndroidAppiumAuto.CommonMethods.ClickEvents(CommonMethods.java:132)
at AndroidAppiumAuto.AppActivity_Group2.BannerDet(AppActivity_Group2.java:345)
at sun.reflect.NativeMethodAccessorImpl.invoke0(Native Method)
at sun.reflect.NativeMethodAccessorImpl.invoke(Unknown Source)
at sun.reflect.DelegatingMethodAccessorImpl.invoke(Unknown Source)
at java.lang.reflect.Method.invoke(Unknown Source)
at org.testng.internal.MethodInvocationHelper.invokeMethod(MethodInvocationHelper.java:124)
at org.testng.internal.Invoker.invokeMethod(Invoker.java:583)
at org.testng.internal.Invoker.invokeTestMethod(Invoker.java:719)
at org.testng.internal.Invoker.invokeTestMethods(Invoker.java:989)
at org.testng.internal.TestMethodWorker.invokeTestMethods(TestMethodWorker.java:125)
at org.testng.internal.TestMethodWorker.run(TestMethodWorker.java:109)
at org.testng.TestRunner.privateRun(TestRunner.java:648)
at org.testng.TestRunner.run(TestRunner.java:505)
at org.testng.SuiteRunner.runTest(SuiteRunner.java:455)
at org.testng.SuiteRunner.access$000(SuiteRunner.java:40)
at org.testng.SuiteRunner$SuiteWorker.run(SuiteRunner.java:489)
at org.testng.internal.thread.ThreadUtil$1.call(ThreadUtil.java:52)
at java.util.concurrent.FutureTask.run(Unknown Source)
at java.util.concurrent.ThreadPoolExecutor.runWorker(Unknown Source)
at java.util.concurrent.ThreadPoolExecutor$Worker.run(Unknown Source)
at java.lang.Thread.run(Unknown Source)
]]>
    </error>
  </testcase> <!-- BannerDet -->
  <testcase name="LiveTVDetails" time="1.314" classname="AndroidAppiumAuto.AppActivity_Group2">
    <error type="AndroidAppiumAuto.exceptions.CustomException" message="The Element homebtton you are trying to click is failed , Please try again !">
      <![CDATA[AndroidAppiumAuto.exceptions.CustomException: The Element homebtton you are trying to click is failed , Please try again !
at AndroidAppiumAuto.CommonMethods.ClickEvents(CommonMethods.java:132)
at AndroidAppiumAuto.AppActivity_Group2.LiveTVDetails(AppActivity_Group2.java:389)
at sun.reflect.NativeMethodAccessorImpl.invoke0(Native Method)
at sun.reflect.NativeMethodAccessorImpl.invoke(Unknown Source)
at sun.reflect.DelegatingMethodAccessorImpl.invoke(Unknown Source)
at java.lang.reflect.Method.invoke(Unknown Source)
at org.testng.internal.MethodInvocationHelper.invokeMethod(MethodInvocationHelper.java:124)
at org.testng.internal.Invoker.invokeMethod(Invoker.java:583)
at org.testng.internal.Invoker.invokeTestMethod(Invoker.java:719)
at org.testng.internal.Invoker.invokeTestMethods(Invoker.java:989)
at org.testng.internal.TestMethodWorker.invokeTestMethods(TestMethodWorker.java:125)
at org.testng.internal.TestMethodWorker.run(TestMethodWorker.java:109)
at org.testng.TestRunner.privateRun(TestRunner.java:648)
at org.testng.TestRunner.run(TestRunner.java:505)
at org.testng.SuiteRunner.runTest(SuiteRunner.java:455)
at org.testng.SuiteRunner.access$000(SuiteRunner.java:40)
at org.testng.SuiteRunner$SuiteWorker.run(SuiteRunner.java:489)
at org.testng.internal.thread.ThreadUtil$1.call(ThreadUtil.java:52)
at java.util.concurrent.FutureTask.run(Unknown Source)
at java.util.concurrent.ThreadPoolExecutor.runWorker(Unknown Source)
at java.util.concurrent.ThreadPoolExecutor$Worker.run(Unknown Source)
at java.lang.Thread.run(Unknown Source)
]]>
    </error>
  </testcase> <!-- LiveTVDetails -->
  <testcase name="TopUpMPitesan" time="3.838" classname="AndroidAppiumAuto.AppActivity_Group2">
    <error type="AndroidAppiumAuto.exceptions.CustomException" message="The Element homebtton you are trying to click is failed , Please try again !">
      <![CDATA[AndroidAppiumAuto.exceptions.CustomException: The Element homebtton you are trying to click is failed , Please try again !
at AndroidAppiumAuto.CommonMethods.ClickEvents(CommonMethods.java:132)
at AndroidAppiumAuto.AppActivity_Group2.TopUpMPitesan(AppActivity_Group2.java:530)
at sun.reflect.NativeMethodAccessorImpl.invoke0(Native Method)
at sun.reflect.NativeMethodAccessorImpl.invoke(Unknown Source)
at sun.reflect.DelegatingMethodAccessorImpl.invoke(Unknown Source)
at java.lang.reflect.Method.invoke(Unknown Source)
at org.testng.internal.MethodInvocationHelper.invokeMethod(MethodInvocationHelper.java:124)
at org.testng.internal.Invoker.invokeMethod(Invoker.java:583)
at org.testng.internal.Invoker.invokeTestMethod(Invoker.java:719)
at org.testng.internal.Invoker.invokeTestMethods(Invoker.java:989)
at org.testng.internal.TestMethodWorker.invokeTestMethods(TestMethodWorker.java:125)
at org.testng.internal.TestMethodWorker.run(TestMethodWorker.java:109)
at org.testng.TestRunner.privateRun(TestRunner.java:648)
at org.testng.TestRunner.run(TestRunner.java:505)
at org.testng.SuiteRunner.runTest(SuiteRunner.java:455)
at org.testng.SuiteRunner.access$000(SuiteRunner.java:40)
at org.testng.SuiteRunner$SuiteWorker.run(SuiteRunner.java:489)
at org.testng.internal.thread.ThreadUtil$1.call(ThreadUtil.java:52)
at java.util.concurrent.FutureTask.run(Unknown Source)
at java.util.concurrent.ThreadPoolExecutor.runWorker(Unknown Source)
at java.util.concurrent.ThreadPoolExecutor$Worker.run(Unknown Source)
at java.lang.Thread.run(Unknown Source)
]]>
    </error>
  </testcase> <!-- TopUpMPitesan -->
  <testcase name="Report_An_Issue" time="0.671" classname="AndroidAppiumAuto.AppActivity_Group2">
    <error type="AndroidAppiumAuto.exceptions.CustomException" message="The Element MoreIcon you are trying to click is failed , Please try again !">
      <![CDATA[AndroidAppiumAuto.exceptions.CustomException: The Element MoreIcon you are trying to click is failed , Please try again !
at AndroidAppiumAuto.CommonMethods.ClickEvents(CommonMethods.java:132)
at AndroidAppiumAuto.AppActivity_Group2.Report_An_Issue(AppActivity_Group2.java:541)
at sun.reflect.NativeMethodAccessorImpl.invoke0(Native Method)
at sun.reflect.NativeMethodAccessorImpl.invoke(Unknown Source)
at sun.reflect.DelegatingMethodAccessorImpl.invoke(Unknown Source)
at java.lang.reflect.Method.invoke(Unknown Source)
at org.testng.internal.MethodInvocationHelper.invokeMethod(MethodInvocationHelper.java:124)
at org.testng.internal.Invoker.invokeMethod(Invoker.java:583)
at org.testng.internal.Invoker.invokeTestMethod(Invoker.java:719)
at org.testng.internal.Invoker.invokeTestMethods(Invoker.java:989)
at org.testng.internal.TestMethodWorker.invokeTestMethods(TestMethodWorker.java:125)
at org.testng.internal.TestMethodWorker.run(TestMethodWorker.java:109)
at org.testng.TestRunner.privateRun(TestRunner.java:648)
at org.testng.TestRunner.run(TestRunner.java:505)
at org.testng.SuiteRunner.runTest(SuiteRunner.java:455)
at org.testng.SuiteRunner.access$000(SuiteRunner.java:40)
at org.testng.SuiteRunner$SuiteWorker.run(SuiteRunner.java:489)
at org.testng.internal.thread.ThreadUtil$1.call(ThreadUtil.java:52)
at java.util.concurrent.FutureTask.run(Unknown Source)
at java.util.concurrent.ThreadPoolExecutor.runWorker(Unknown Source)
at java.util.concurrent.ThreadPoolExecutor$Worker.run(Unknown Source)
at java.lang.Thread.run(Unknown Source)
]]>
    </error>
  </testcase> <!-- Report_An_Issue -->
  <testcase name="More_Settings" time="4.318" classname="AndroidAppiumAuto.AppActivity_Group2">
    <error type="AndroidAppiumAuto.exceptions.CustomException" message="The Element MoreIcon you are trying to click is failed , Please try again !">
      <![CDATA[AndroidAppiumAuto.exceptions.CustomException: The Element MoreIcon you are trying to click is failed , Please try again !
at AndroidAppiumAuto.CommonMethods.ClickEvents(CommonMethods.java:132)
at AndroidAppiumAuto.SupportMethods.Settings(SupportMethods.java:1614)
at AndroidAppiumAuto.AppActivity_Group2.More_Settings(AppActivity_Group2.java:588)
at sun.reflect.NativeMethodAccessorImpl.invoke0(Native Method)
at sun.reflect.NativeMethodAccessorImpl.invoke(Unknown Source)
at sun.reflect.DelegatingMethodAccessorImpl.invoke(Unknown Source)
at java.lang.reflect.Method.invoke(Unknown Source)
at org.testng.internal.MethodInvocationHelper.invokeMethod(MethodInvocationHelper.java:124)
at org.testng.internal.Invoker.invokeMethod(Invoker.java:583)
at org.testng.internal.Invoker.invokeTestMethod(Invoker.java:719)
at org.testng.internal.Invoker.invokeTestMethods(Invoker.java:989)
at org.testng.internal.TestMethodWorker.invokeTestMethods(TestMethodWorker.java:125)
at org.testng.internal.TestMethodWorker.run(TestMethodWorker.java:109)
at org.testng.TestRunner.privateRun(TestRunner.java:648)
at org.testng.TestRunner.run(TestRunner.java:505)
at org.testng.SuiteRunner.runTest(SuiteRunner.java:455)
at org.testng.SuiteRunner.access$000(SuiteRunner.java:40)
at org.testng.SuiteRunner$SuiteWorker.run(SuiteRunner.java:489)
at org.testng.internal.thread.ThreadUtil$1.call(ThreadUtil.java:52)
at java.util.concurrent.FutureTask.run(Unknown Source)
at java.util.concurrent.ThreadPoolExecutor.runWorker(Unknown Source)
at java.util.concurrent.ThreadPoolExecutor$Worker.run(Unknown Source)
at java.lang.Thread.run(Unknown Source)
]]>
    </error>
  </testcase> <!-- More_Settings -->
  <testcase name="Ooredoo_Play" time="2.121" classname="AndroidAppiumAuto.AppActivity_Group2">
    <error type="AndroidAppiumAuto.exceptions.CustomException" message="The Element homebtton you are trying to click is failed , Please try again !">
      <![CDATA[AndroidAppiumAuto.exceptions.CustomException: The Element homebtton you are trying to click is failed , Please try again !
at AndroidAppiumAuto.CommonMethods.ClickEvents(CommonMethods.java:132)
at AndroidAppiumAuto.AppActivity_Group2.Ooredoo_Play(AppActivity_Group2.java:595)
at sun.reflect.NativeMethodAccessorImpl.invoke0(Native Method)
at sun.reflect.NativeMethodAccessorImpl.invoke(Unknown Source)
at sun.reflect.DelegatingMethodAccessorImpl.invoke(Unknown Source)
at java.lang.reflect.Method.invoke(Unknown Source)
at org.testng.internal.MethodInvocationHelper.invokeMethod(MethodInvocationHelper.java:124)
at org.testng.internal.Invoker.invokeMethod(Invoker.java:583)
at org.testng.internal.Invoker.invokeTestMethod(Invoker.java:719)
at org.testng.internal.Invoker.invokeTestMethods(Invoker.java:989)
at org.testng.internal.TestMethodWorker.invokeTestMethods(TestMethodWorker.java:125)
at org.testng.internal.TestMethodWorker.run(TestMethodWorker.java:109)
at org.testng.TestRunner.privateRun(TestRunner.java:648)
at org.testng.TestRunner.run(TestRunner.java:505)
at org.testng.SuiteRunner.runTest(SuiteRunner.java:455)
at org.testng.SuiteRunner.access$000(SuiteRunner.java:40)
at org.testng.SuiteRunner$SuiteWorker.run(SuiteRunner.java:489)
at org.testng.internal.thread.ThreadUtil$1.call(ThreadUtil.java:52)
at java.util.concurrent.FutureTask.run(Unknown Source)
at java.util.concurrent.ThreadPoolExecutor.runWorker(Unknown Source)
at java.util.concurrent.ThreadPoolExecutor$Worker.run(Unknown Source)
at java.lang.Thread.run(Unknown Source)
]]>
    </error>
  </testcase> <!-- Ooredoo_Play -->
  <testcase name="accountview" time="4.812" classname="AndroidAppiumAuto.AppActivity_Group2"/>
  <testcase name="LogOut" time="2.782" classname="AndroidAppiumAuto.AppActivity_Group2"/>
  <testcase name="ByopQueryBalance" classname="AndroidAppiumAuto.AppActivity_Group2">
    <skipped/>
  </testcase> <!-- ByopQueryBalance -->
  <testcase name="ResendFetchOTP" classname="AndroidAppiumAuto.AppActivity_Group2">
    <skipped/>
  </testcase> <!-- ResendFetchOTP -->
  <testcase name="PyawPyawYu" classname="AndroidAppiumAuto.AppActivity_Group2">
    <skipped/>
  </testcase> <!-- PyawPyawYu -->
  <testcase name="VIPEarnMorePoints" classname="AndroidAppiumAuto.AppActivity_Group2">
    <skipped/>
  </testcase> <!-- VIPEarnMorePoints -->
  <testcase name="NoMsisdn" classname="AndroidAppiumAuto.AppActivity_Group2">
    <skipped/>
  </testcase> <!-- NoMsisdn -->
  <testcase name="contextpopup" classname="AndroidAppiumAuto.AppActivity_Group2">
    <skipped/>
  </testcase> <!-- contextpopup -->
  <testcase name="DDDPacks" classname="AndroidAppiumAuto.AppActivity_Group2">
    <skipped/>
  </testcase> <!-- DDDPacks -->
  <testcase name="TopUpVoucher" classname="AndroidAppiumAuto.AppActivity_Group2">
    <skipped/>
  </testcase> <!-- TopUpVoucher -->
  <testcase name="VIPHomePage" classname="AndroidAppiumAuto.AppActivity_Group2">
    <skipped/>
  </testcase> <!-- VIPHomePage -->
  <testcase name="OTPPageValidation" classname="AndroidAppiumAuto.AppActivity_Group2">
    <skipped/>
  </testcase> <!-- OTPPageValidation -->
  <testcase name="LoginPage" classname="AndroidAppiumAuto.AppActivity_Group2">
    <skipped/>
  </testcase> <!-- LoginPage -->
  <testcase name="BannerDetails" classname="AndroidAppiumAuto.AppActivity_Group2">
    <skipped/>
  </testcase> <!-- BannerDetails -->
  <testcase name="UsageHistory" classname="AndroidAppiumAuto.AppActivity_Group2">
    <skipped/>
  </testcase> <!-- UsageHistory -->
  <testcase name="QuickLinks" classname="AndroidAppiumAuto.AppActivity_Group2">
    <skipped/>
  </testcase> <!-- QuickLinks -->
  <testcase name="InvalidMsisdn" classname="AndroidAppiumAuto.AppActivity_Group2">
    <skipped/>
  </testcase> <!-- InvalidMsisdn -->
  <testcase name="UserRegisterStatus" classname="AndroidAppiumAuto.AppActivity_Group2">
    <skipped/>
  </testcase> <!-- UserRegisterStatus -->
  <testcase name="PageloadTest" classname="AndroidAppiumAuto.AppActivity_Group2">
    <skipped/>
  </testcase> <!-- PageloadTest -->
  <testcase name="Notifications" classname="AndroidAppiumAuto.AppActivity_Group2">
    <skipped/>
  </testcase> <!-- Notifications -->
  <testcase name="UserRegisterDetails" classname="AndroidAppiumAuto.AppActivity_Group2">
    <skipped/>
  </testcase> <!-- UserRegisterDetails -->
  <testcase name="QueryBalanceApi" classname="AndroidAppiumAuto.AppActivity_Group2">
    <skipped/>
  </testcase> <!-- QueryBalanceApi -->
</testsuite> <!-- AndroidAppiumAuto.AppActivity_Group2 -->
